Log file open, 08/01/20 04:37:40
LogInit: Display: Running engine for game: BuildingEscape
LogPlatformFile: Not using cached read wrapper
LogTaskGraph: Started task graph with 5 named threads and 23 total threads with 3 sets of task threads.
LogStats: Stats thread started at 0.176188
LogD3D11RHI: Loaded GFSDK_Aftermath_Lib.x64.dll
LogICUInternationalization: ICU TimeZone Detection - Raw Offset: +7:00, Platform Override: ''
LogPluginManager: Mounting plugin Paper2D
LogPluginManager: Mounting plugin AISupport
LogPluginManager: Mounting plugin LightPropagationVolume
LogPluginManager: Mounting plugin CameraShakePreviewer
LogPluginManager: Mounting plugin ActorLayerUtilities
LogPluginManager: Mounting plugin AnimationSharing
LogPluginManager: Mounting plugin CLionSourceCodeAccess
LogPluginManager: Mounting plugin CodeLiteSourceCodeAccess
LogPluginManager: Mounting plugin GitSourceControl
LogPluginManager: Mounting plugin KDevelopSourceCodeAccess
LogPluginManager: Mounting plugin NullSourceCodeAccess
LogPluginManager: Mounting plugin PerforceSourceControl
LogPluginManager: Mounting plugin PlasticSourceControl
LogPluginManager: Mounting plugin RiderSourceCodeAccess
LogPluginManager: Mounting plugin SubversionSourceControl
LogPluginManager: Mounting plugin UObjectPlugin
LogPluginManager: Mounting plugin VisualStudioCodeSourceCodeAccess
LogPluginManager: Mounting plugin VisualStudioSourceCodeAccess
LogPluginManager: Mounting plugin XCodeSourceCodeAccess
LogPluginManager: Mounting plugin AssetManagerEditor
LogPluginManager: Mounting plugin CryptoKeys
LogPluginManager: Mounting plugin CurveEditorTools
LogPluginManager: Mounting plugin DataValidation
LogPluginManager: Mounting plugin EditorScriptingUtilities
LogPluginManager: Mounting plugin FacialAnimation
LogPluginManager: Mounting plugin GameplayTagsEditor
LogPluginManager: Mounting plugin GeometryMode
LogPluginManager: Mounting plugin MacGraphicsSwitching
LogPluginManager: Mounting plugin MaterialAnalyzer
LogPluginManager: Mounting plugin MobileLauncherProfileWizard
LogPluginManager: Mounting plugin PluginBrowser
LogPluginManager: Mounting plugin SpeedTreeImporter
LogPluginManager: Mounting plugin DatasmithContent
LogPluginManager: Mounting plugin VariantManagerContent
LogPluginManager: Mounting plugin AlembicImporter
LogPluginManager: Mounting plugin AutomationUtils
LogPluginManager: Mounting plugin BackChannel
LogPluginManager: Mounting plugin ChaosCloth
LogPluginManager: Mounting plugin ChaosClothEditor
LogPluginManager: Mounting plugin ChaosEditor
LogPluginManager: Mounting plugin ChaosNiagara
LogPluginManager: Mounting plugin ChaosSolverPlugin
LogPluginManager: Mounting plugin CharacterAI
LogPluginManager: Mounting plugin GeometryCache
LogPluginManager: Mounting plugin GeometryCollectionPlugin
LogPluginManager: Mounting plugin GeometryProcessing
LogPluginManager: Mounting plugin PlanarCut
LogPluginManager: Mounting plugin PlatformCrypto
LogPluginManager: Mounting plugin ProxyLODPlugin
LogPluginManager: Mounting plugin SkeletalReduction
LogPluginManager: Mounting plugin Niagara
LogPluginManager: Mounting plugin MagicLeap
LogPluginManager: Mounting plugin MagicLeapLightEstimation
LogPluginManager: Mounting plugin MagicLeapMedia
LogPluginManager: Mounting plugin MagicLeapPassableWorld
LogPluginManager: Mounting plugin MLSDK
LogPluginManager: Mounting plugin AndroidMedia
LogPluginManager: Mounting plugin AvfMedia
LogPluginManager: Mounting plugin ImgMedia
LogPluginManager: Mounting plugin MediaCompositing
LogPluginManager: Mounting plugin MediaPlayerEditor
LogPluginManager: Mounting plugin WebMMedia
LogPluginManager: Mounting plugin WmfMedia
LogPluginManager: Mounting plugin MeshPainting
LogPluginManager: Mounting plugin TcpMessaging
LogPluginManager: Mounting plugin UdpMessaging
LogPluginManager: Mounting plugin ActorSequence
LogPluginManager: Mounting plugin LevelSequenceEditor
LogPluginManager: Mounting plugin MatineeToLevelSequence
LogPluginManager: Mounting plugin MovieRenderPipeline
LogPluginManager: Mounting plugin TemplateSequence
LogPluginManager: Mounting plugin NetcodeUnitTest
LogPluginManager: Mounting plugin NUTUnrealEngine4
LogPluginManager: Mounting plugin OnlineSubsystemGooglePlay
LogPluginManager: Mounting plugin OnlineSubsystemIOS
LogPluginManager: Mounting plugin OnlineSubsystem
LogPluginManager: Mounting plugin OnlineSubsystemNull
LogPluginManager: Mounting plugin OnlineSubsystemUtils
LogPluginManager: Mounting plugin LauncherChunkInstaller
LogPluginManager: Mounting plugin AndroidDeviceProfileSelector
LogPluginManager: Mounting plugin AndroidMoviePlayer
LogPluginManager: Mounting plugin AndroidPermission
LogPluginManager: Mounting plugin AppleImageUtils
LogPluginManager: Mounting plugin AppleMoviePlayer
LogPluginManager: Mounting plugin ArchVisCharacter
LogPluginManager: Mounting plugin AssetTags
LogPluginManager: Mounting plugin AudioCapture
LogPluginManager: Mounting plugin CableComponent
LogPluginManager: Mounting plugin CustomMeshComponent
LogPluginManager: Mounting plugin EditableMesh
LogPluginManager: Mounting plugin ExampleDeviceProfileSelector
LogPluginManager: Mounting plugin GoogleCloudMessaging
LogPluginManager: Mounting plugin GooglePAD
LogPluginManager: Mounting plugin IOSDeviceProfileSelector
LogPluginManager: Mounting plugin LinuxDeviceProfileSelector
LogPluginManager: Mounting plugin LocationServicesBPLibrary
LogPluginManager: Mounting plugin MobilePatchingUtils
LogPluginManager: Mounting plugin OculusVR
LogPluginManager: Mounting plugin PhysXVehicles
LogPluginManager: Mounting plugin PostSplashScreen
LogPluginManager: Mounting plugin ProceduralMeshComponent
LogPluginManager: Mounting plugin RuntimePhysXCooking
LogPluginManager: Mounting plugin SignificanceManager
LogPluginManager: Mounting plugin SoundFields
LogPluginManager: Mounting plugin SteamVR
LogPluginManager: Mounting plugin Synthesis
LogPluginManager: Mounting plugin WebMMoviePlayer
LogPluginManager: Mounting plugin WindowsMoviePlayer
LogPluginManager: Mounting plugin ScreenshotTools
LogInit: Using libcurl 7.55.1-DEV
LogInit:  - built for x86_64-pc-win32
LogInit:  - supports SSL with OpenSSL/1.1.1
LogInit:  - supports HTTP deflate (compression) using libz 1.2.8
LogInit:  - other features:
LogInit:      CURL_VERSION_SSL
LogInit:      CURL_VERSION_LIBZ
LogInit:      CURL_VERSION_IPV6
LogInit:      CURL_VERSION_ASYNCHDNS
LogInit:      CURL_VERSION_LARGEFILE
LogInit:      CURL_VERSION_IDN
LogInit:  CurlRequestOptions (configurable via config and command line):
LogInit:  - bVerifyPeer = true  - Libcurl will verify peer certificate
LogInit:  - bUseHttpProxy = false  - Libcurl will NOT use HTTP proxy
LogInit:  - bDontReuseConnections = false  - Libcurl will reuse connections
LogInit:  - MaxHostConnections = 16  - Libcurl will limit the number of connections to a host
LogInit:  - LocalHostAddr = Default
LogInit:  - BufferSize = 65536
LogOnline: OSS: Creating online subsystem instance for: NULL
LogInit: WinSock: version 1.1 (2.2), MaxSocks=32767, MaxUdp=65467
LogOnline: OSS: TryLoadSubsystemAndSetDefault: Loaded subsystem for module [NULL]
LogInit: Build: ++UE4+Release-4.25-CL-13942748
LogInit: Engine Version: 4.25.3-13942748+++UE4+Release-4.25
LogInit: Compatible Engine Version: 4.25.0-13144385+++UE4+Release-4.25
LogInit: Net CL: 13144385
LogInit: OS: Windows 10 (Release 1903) (), CPU: Intel(R) Core(TM) i7-7700K CPU @ 4.20GHz, GPU: NVIDIA GeForce GTX 1080
LogInit: Compiled (64-bit): Jul 25 2020 02:07:48
LogInit: Compiled with Visual C++: 19.24.28315.00
LogInit: Build Configuration: Development
LogInit: Branch Name: ++UE4+Release-4.25
LogInit: Command Line:  -EpicPortal -epicusername=conganh176 -epicuserid=1d47b982415e480ea81dd84267abc4a1 -epiclocale=en
LogInit: Base Directory: D:/Epic Games/Epic Games/UE_4.25/Engine/Binaries/Win64/
LogInit: Allocator: TBB
LogInit: Installed Engine Build: 1
LogDevObjectVersion: Number of dev versions registered: 26
LogDevObjectVersion:   Dev-Blueprints (B0D832E4-1F89-4F0D-ACCF-7EB736FD4AA2): 10
LogDevObjectVersion:   Dev-Build (E1C64328-A22C-4D53-A36C-8E866417BD8C): 0
LogDevObjectVersion:   Dev-Core (375EC13C-06E4-48FB-B500-84F0262A717E): 4
LogDevObjectVersion:   Dev-Editor (E4B068ED-F494-42E9-A231-DA0B2E46BB41): 38
LogDevObjectVersion:   Dev-Framework (CFFC743F-43B0-4480-9391-14DF171D2073): 37
LogDevObjectVersion:   Dev-Mobile (B02B49B5-BB20-44E9-A304-32B752E40360): 2
LogDevObjectVersion:   Dev-Networking (A4E4105C-59A1-49B5-A7C5-40C4547EDFEE): 0
LogDevObjectVersion:   Dev-Online (39C831C9-5AE6-47DC-9A44-9C173E1C8E7C): 0
LogDevObjectVersion:   Dev-Physics (78F01B33-EBEA-4F98-B9B4-84EACCB95AA2): 4
LogDevObjectVersion:   Dev-Platform (6631380F-2D4D-43E0-8009-CF276956A95A): 0
LogDevObjectVersion:   Dev-Rendering (12F88B9F-8875-4AFC-A67C-D90C383ABD29): 43
LogDevObjectVersion:   Dev-Sequencer (7B5AE74C-D270-4C10-A958-57980B212A5A): 12
LogDevObjectVersion:   Dev-VR (D7296918-1DD6-4BDD-9DE2-64A83CC13884): 3
LogDevObjectVersion:   Dev-LoadTimes (C2A15278-BFE7-4AFE-6C17-90FF531DF755): 1
LogDevObjectVersion:   Private-Geometry (6EACA3D4-40EC-4CC1-B786-8BED09428FC5): 3
LogDevObjectVersion:   Dev-AnimPhys (29E575DD-E0A3-4627-9D10-D276232CDCEA): 17
LogDevObjectVersion:   Dev-Anim (AF43A65D-7FD3-4947-9873-3E8ED9C1BB05): 7
LogDevObjectVersion:   Dev-ReflectionCapture (6B266CEC-1EC7-4B8F-A30B-E4D90942FC07): 1
LogDevObjectVersion:   Dev-Automation (0DF73D61-A23F-47EA-B727-89E90C41499A): 1
LogDevObjectVersion:   FortniteMain (601D1886-AC64-4F84-AA16-D3DE0DEAC7D6): 31
LogDevObjectVersion:   Dev-Enterprise (9DFFBCD6-494F-0158-E221-12823C92A888): 10
LogDevObjectVersion:   Dev-Niagara (F2AED0AC-9AFE-416F-8664-AA7FFA26D6FC): 1
LogDevObjectVersion:   Dev-Destruction (174F1F0B-B4C6-45A5-B13F-2EE8D0FB917D): 10
LogDevObjectVersion:   Dev-Physics-Ext (35F94A83-E258-406C-A318-09F59610247C): 37
LogDevObjectVersion:   Dev-PhysicsMaterial-Chaos (B68FC16E-8B1B-42E2-B453-215C058844FE): 1
LogDevObjectVersion:   Dev-CineCamera (B2E18506-4273-CFC2-A54E-F4BB758BBA07): 1
LogInit: Presizing for max 25165824 objects, including 0 objects not considered by GC, pre-allocating 0 bytes for permanent pool.
LogConfig: Applying CVar settings from Section [/Script/Engine.StreamingSettings] File [C:/Users/Admin/Desktop/UnrealEngine/BuildingEscape/Saved/Config/Windows/Engine.ini]
LogConfig: Setting CVar [[s.MinBulkDataSizeForAsyncLoading:131072]]
LogConfig: Setting CVar [[s.AsyncLoadingThreadEnabled:0]]
LogConfig: Setting CVar [[s.EventDrivenLoaderEnabled:1]]
LogConfig: Setting CVar [[s.WarnIfTimeLimitExceeded:0]]
LogConfig: Setting CVar [[s.TimeLimitExceededMultiplier:1.5]]
LogConfig: Setting CVar [[s.TimeLimitExceededMinTime:0.005]]
LogConfig: Setting CVar [[s.UseBackgroundLevelStreaming:1]]
LogConfig: Setting CVar [[s.PriorityAsyncLoadingExtraTime:15.0]]
LogConfig: Setting CVar [[s.LevelStreamingActorsUpdateTimeLimit:5.0]]
LogConfig: Setting CVar [[s.PriorityLevelStreamingActorsUpdateExtraTime:5.0]]
LogConfig: Setting CVar [[s.LevelStreamingComponentsRegistrationGranularity:10]]
LogConfig: Setting CVar [[s.UnregisterComponentsTimeLimit:1.0]]
LogConfig: Setting CVar [[s.LevelStreamingComponentsUnregistrationGranularity:5]]
LogConfig: Setting CVar [[s.FlushStreamingOnExit:1]]
LogInit: Object subsystem initialized
LogConfig: Setting CVar [[con.DebugEarlyDefault:1]]
LogConfig: Setting CVar [[r.setres:1280x720]]
[2020.07.31-21.37.40:384][  0]LogConfig: Setting CVar [[r.VSync:0]]
[2020.07.31-21.37.40:384][  0]LogConfig: Setting CVar [[r.RHICmdBypass:0]]
[2020.07.31-21.37.40:384][  0]LogConfig: Applying CVar settings from Section [/Script/Engine.RendererSettings] File [C:/Users/Admin/Desktop/UnrealEngine/BuildingEscape/Saved/Config/Windows/Engine.ini]
[2020.07.31-21.37.40:384][  0]LogConfig: Setting CVar [[r.GPUCrashDebugging:0]]
[2020.07.31-21.37.40:384][  0]LogConfig: Applying CVar settings from Section [/Script/Engine.RendererOverrideSettings] File [C:/Users/Admin/Desktop/UnrealEngine/BuildingEscape/Saved/Config/Windows/Engine.ini]
[2020.07.31-21.37.40:384][  0]LogConfig: Applying CVar settings from Section [/Script/Engine.StreamingSettings] File [C:/Users/Admin/Desktop/UnrealEngine/BuildingEscape/Saved/Config/Windows/Engine.ini]
[2020.07.31-21.37.40:384][  0]LogConfig: Setting CVar [[s.MinBulkDataSizeForAsyncLoading:131072]]
[2020.07.31-21.37.40:384][  0]LogConfig: Setting CVar [[s.AsyncLoadingThreadEnabled:0]]
[2020.07.31-21.37.40:384][  0]LogConfig: Setting CVar [[s.EventDrivenLoaderEnabled:1]]
[2020.07.31-21.37.40:384][  0]LogConfig: Setting CVar [[s.WarnIfTimeLimitExceeded:0]]
[2020.07.31-21.37.40:384][  0]LogConfig: Setting CVar [[s.TimeLimitExceededMultiplier:1.5]]
[2020.07.31-21.37.40:384][  0]LogConfig: Setting CVar [[s.TimeLimitExceededMinTime:0.005]]
[2020.07.31-21.37.40:384][  0]LogConfig: Setting CVar [[s.UseBackgroundLevelStreaming:1]]
[2020.07.31-21.37.40:384][  0]LogConfig: Setting CVar [[s.PriorityAsyncLoadingExtraTime:15.0]]
[2020.07.31-21.37.40:384][  0]LogConfig: Setting CVar [[s.LevelStreamingActorsUpdateTimeLimit:5.0]]
[2020.07.31-21.37.40:384][  0]LogConfig: Setting CVar [[s.PriorityLevelStreamingActorsUpdateExtraTime:5.0]]
[2020.07.31-21.37.40:384][  0]LogConfig: Setting CVar [[s.LevelStreamingComponentsRegistrationGranularity:10]]
[2020.07.31-21.37.40:384][  0]LogConfig: Setting CVar [[s.UnregisterComponentsTimeLimit:1.0]]
[2020.07.31-21.37.40:384][  0]LogConfig: Setting CVar [[s.LevelStreamingComponentsUnregistrationGranularity:5]]
[2020.07.31-21.37.40:384][  0]LogConfig: Setting CVar [[s.FlushStreamingOnExit:1]]
[2020.07.31-21.37.40:384][  0]LogConfig: Applying CVar settings from Section [/Script/Engine.GarbageCollectionSettings] File [C:/Users/Admin/Desktop/UnrealEngine/BuildingEscape/Saved/Config/Windows/Engine.ini]
[2020.07.31-21.37.40:384][  0]LogConfig: Setting CVar [[gc.MaxObjectsNotConsideredByGC:1]]
[2020.07.31-21.37.40:384][  0]LogConfig: Setting CVar [[gc.SizeOfPermanentObjectPool:0]]
[2020.07.31-21.37.40:384][  0]LogConfig: Setting CVar [[gc.FlushStreamingOnGC:0]]
[2020.07.31-21.37.40:384][  0]LogConfig: Setting CVar [[gc.NumRetriesBeforeForcingGC:10]]
[2020.07.31-21.37.40:384][  0]LogConfig: Setting CVar [[gc.AllowParallelGC:1]]
[2020.07.31-21.37.40:384][  0]LogConfig: Setting CVar [[gc.TimeBetweenPurgingPendingKillObjects:61.1]]
[2020.07.31-21.37.40:384][  0]LogConfig: Setting CVar [[gc.MaxObjectsInEditor:25165824]]
[2020.07.31-21.37.40:384][  0]LogConfig: Setting CVar [[gc.IncrementalBeginDestroyEnabled:1]]
[2020.07.31-21.37.40:384][  0]LogConfig: Setting CVar [[gc.CreateGCClusters:1]]
[2020.07.31-21.37.40:384][  0]LogConfig: Setting CVar [[gc.MinGCClusterSize:5]]
[2020.07.31-21.37.40:384][  0]LogConfig: Setting CVar [[gc.ActorClusteringEnabled:0]]
[2020.07.31-21.37.40:384][  0]LogConfig: Setting CVar [[gc.BlueprintClusteringEnabled:0]]
[2020.07.31-21.37.40:384][  0]LogConfig: Setting CVar [[gc.UseDisregardForGCOnDedicatedServers:0]]
[2020.07.31-21.37.40:384][  0]LogConfig: Applying CVar settings from Section [/Script/Engine.NetworkSettings] File [C:/Users/Admin/Desktop/UnrealEngine/BuildingEscape/Saved/Config/Windows/Engine.ini]
[2020.07.31-21.37.40:384][  0]LogConfig: Applying CVar settings from Section [/Script/UnrealEd.CookerSettings] File [C:/Users/Admin/Desktop/UnrealEngine/BuildingEscape/Saved/Config/Windows/Engine.ini]
[2020.07.31-21.37.40:386][  0]LogConfig: Applying CVar settings from Section [ViewDistanceQuality@3] File [C:/Users/Admin/Desktop/UnrealEngine/BuildingEscape/Saved/Config/Windows/Scalability.ini]
[2020.07.31-21.37.40:386][  0]LogConfig: Setting CVar [[r.SkeletalMeshLODBias:0]]
[2020.07.31-21.37.40:386][  0]LogConfig: Setting CVar [[r.ViewDistanceScale:1.0]]
[2020.07.31-21.37.40:386][  0]LogConfig: Applying CVar settings from Section [AntiAliasingQuality@3] File [C:/Users/Admin/Desktop/UnrealEngine/BuildingEscape/Saved/Config/Windows/Scalability.ini]
[2020.07.31-21.37.40:386][  0]LogConfig: Setting CVar [[r.PostProcessAAQuality:4]]
[2020.07.31-21.37.40:386][  0]LogConfig: Applying CVar settings from Section [ShadowQuality@3] File [C:/Users/Admin/Desktop/UnrealEngine/BuildingEscape/Saved/Config/Windows/Scalability.ini]
[2020.07.31-21.37.40:386][  0]LogConfig: Setting CVar [[r.LightFunctionQuality:1]]
[2020.07.31-21.37.40:386][  0]LogConfig: Setting CVar [[r.ShadowQuality:5]]
[2020.07.31-21.37.40:386][  0]LogConfig: Setting CVar [[r.Shadow.CSM.MaxCascades:10]]
[2020.07.31-21.37.40:386][  0]LogConfig: Setting CVar [[r.Shadow.MaxResolution:2048]]
[2020.07.31-21.37.40:386][  0]LogConfig: Setting CVar [[r.Shadow.MaxCSMResolution:2048]]
[2020.07.31-21.37.40:386][  0]LogConfig: Setting CVar [[r.Shadow.RadiusThreshold:0.01]]
[2020.07.31-21.37.40:386][  0]LogConfig: Setting CVar [[r.Shadow.DistanceScale:1.0]]
[2020.07.31-21.37.40:386][  0]LogConfig: Setting CVar [[r.Shadow.CSM.TransitionScale:1.0]]
[2020.07.31-21.37.40:386][  0]LogConfig: Setting CVar [[r.Shadow.PreShadowResolutionFactor:1.0]]
[2020.07.31-21.37.40:386][  0]LogConfig: Setting CVar [[r.DistanceFieldShadowing:1]]
[2020.07.31-21.37.40:386][  0]LogConfig: Setting CVar [[r.DistanceFieldAO:1]]
[2020.07.31-21.37.40:386][  0]LogConfig: Setting CVar [[r.AOQuality:2]]
[2020.07.31-21.37.40:386][  0]LogConfig: Setting CVar [[r.VolumetricFog:1]]
[2020.07.31-21.37.40:386][  0]LogConfig: Setting CVar [[r.VolumetricFog.GridPixelSize:8]]
[2020.07.31-21.37.40:386][  0]LogConfig: Setting CVar [[r.VolumetricFog.GridSizeZ:128]]
[2020.07.31-21.37.40:386][  0]LogConfig: Setting CVar [[r.VolumetricFog.HistoryMissSupersampleCount:4]]
[2020.07.31-21.37.40:386][  0]LogConfig: Setting CVar [[r.LightMaxDrawDistanceScale:1]]
[2020.07.31-21.37.40:386][  0]LogConfig: Setting CVar [[r.CapsuleShadows:1]]
[2020.07.31-21.37.40:386][  0]LogConfig: Applying CVar settings from Section [PostProcessQuality@3] File [C:/Users/Admin/Desktop/UnrealEngine/BuildingEscape/Saved/Config/Windows/Scalability.ini]
[2020.07.31-21.37.40:386][  0]LogConfig: Setting CVar [[r.MotionBlurQuality:4]]
[2020.07.31-21.37.40:386][  0]LogConfig: Setting CVar [[r.AmbientOcclusionMipLevelFactor:0.4]]
[2020.07.31-21.37.40:386][  0]LogConfig: Setting CVar [[r.AmbientOcclusionMaxQuality:100]]
[2020.07.31-21.37.40:386][  0]LogConfig: Setting CVar [[r.AmbientOcclusionLevels:-1]]
[2020.07.31-21.37.40:386][  0]LogConfig: Setting CVar [[r.AmbientOcclusionRadiusScale:1.0]]
[2020.07.31-21.37.40:386][  0]LogConfig: Setting CVar [[r.DepthOfFieldQuality:2]]
[2020.07.31-21.37.40:386][  0]LogConfig: Setting CVar [[r.RenderTargetPoolMin:400]]
[2020.07.31-21.37.40:386][  0]LogConfig: Setting CVar [[r.LensFlareQuality:2]]
[2020.07.31-21.37.40:386][  0]LogConfig: Setting CVar [[r.SceneColorFringeQuality:1]]
[2020.07.31-21.37.40:386][  0]LogConfig: Setting CVar [[r.EyeAdaptationQuality:2]]
[2020.07.31-21.37.40:386][  0]LogConfig: Setting CVar [[r.BloomQuality:5]]
[2020.07.31-21.37.40:386][  0]LogConfig: Setting CVar [[r.FastBlurThreshold:100]]
[2020.07.31-21.37.40:386][  0]LogConfig: Setting CVar [[r.Upscale.Quality:3]]
[2020.07.31-21.37.40:386][  0]LogConfig: Setting CVar [[r.Tonemapper.GrainQuantization:1]]
[2020.07.31-21.37.40:386][  0]LogConfig: Setting CVar [[r.LightShaftQuality:1]]
[2020.07.31-21.37.40:386][  0]LogConfig: Setting CVar [[r.Filter.SizeScale:1]]
[2020.07.31-21.37.40:386][  0]LogConfig: Setting CVar [[r.Tonemapper.Quality:5]]
[2020.07.31-21.37.40:386][  0]LogConfig: Setting CVar [[r.DOF.Gather.AccumulatorQuality:1        ; higher gathering accumulator quality]]
[2020.07.31-21.37.40:386][  0]LogConfig: Setting CVar [[r.DOF.Gather.PostfilterMethod:1          ; Median3x3 postfilering method]]
[2020.07.31-21.37.40:386][  0]LogConfig: Setting CVar [[r.DOF.Gather.EnableBokehSettings:0       ; no bokeh simulation when gathering]]
[2020.07.31-21.37.40:386][  0]LogConfig: Setting CVar [[r.DOF.Gather.RingCount:4                 ; medium number of samples when gathering]]
[2020.07.31-21.37.40:386][  0]LogConfig: Setting CVar [[r.DOF.Scatter.ForegroundCompositing:1    ; additive foreground scattering]]
[2020.07.31-21.37.40:386][  0]LogConfig: Setting CVar [[r.DOF.Scatter.BackgroundCompositing:2    ; additive background scattering]]
[2020.07.31-21.37.40:386][  0]LogConfig: Setting CVar [[r.DOF.Scatter.EnableBokehSettings:1      ; bokeh simulation when scattering]]
[2020.07.31-21.37.40:386][  0]LogConfig: Setting CVar [[r.DOF.Scatter.MaxSpriteRatio:0.1         ; only a maximum of 10% of scattered bokeh]]
[2020.07.31-21.37.40:386][  0]LogConfig: Setting CVar [[r.DOF.Recombine.Quality:1                ; cheap slight out of focus]]
[2020.07.31-21.37.40:386][  0]LogConfig: Setting CVar [[r.DOF.Recombine.EnableBokehSettings:0    ; no bokeh simulation on slight out of focus]]
[2020.07.31-21.37.40:386][  0]LogConfig: Setting CVar [[r.DOF.TemporalAAQuality:1                ; more stable temporal accumulation]]
[2020.07.31-21.37.40:386][  0]LogConfig: Setting CVar [[r.DOF.Kernel.MaxForegroundRadius:0.025]]
[2020.07.31-21.37.40:386][  0]LogConfig: Setting CVar [[r.DOF.Kernel.MaxBackgroundRadius:0.025]]
[2020.07.31-21.37.40:386][  0]LogConfig: Applying CVar settings from Section [TextureQuality@3] File [C:/Users/Admin/Desktop/UnrealEngine/BuildingEscape/Saved/Config/Windows/Scalability.ini]
[2020.07.31-21.37.40:386][  0]LogConfig: Setting CVar [[r.Streaming.MipBias:0]]
[2020.07.31-21.37.40:386][  0]LogConfig: Setting CVar [[r.Streaming.AmortizeCPUToGPUCopy:0]]
[2020.07.31-21.37.40:386][  0]LogConfig: Setting CVar [[r.Streaming.MaxNumTexturesToStreamPerFrame:0]]
[2020.07.31-21.37.40:386][  0]LogConfig: Setting CVar [[r.Streaming.Boost:1]]
[2020.07.31-21.37.40:386][  0]LogConfig: Setting CVar [[r.MaxAnisotropy:8]]
[2020.07.31-21.37.40:386][  0]LogConfig: Setting CVar [[r.VT.MaxAnisotropy:8]]
[2020.07.31-21.37.40:386][  0]LogConfig: Setting CVar [[r.Streaming.LimitPoolSizeToVRAM:0]]
[2020.07.31-21.37.40:386][  0]LogConfig: Setting CVar [[r.Streaming.PoolSize:1000]]
[2020.07.31-21.37.40:386][  0]LogConfig: Setting CVar [[r.Streaming.MaxEffectiveScreenSize:0]]
[2020.07.31-21.37.40:386][  0]LogConfig: Applying CVar settings from Section [EffectsQuality@3] File [C:/Users/Admin/Desktop/UnrealEngine/BuildingEscape/Saved/Config/Windows/Scalability.ini]
[2020.07.31-21.37.40:386][  0]LogConfig: Setting CVar [[r.TranslucencyLightingVolumeDim:64]]
[2020.07.31-21.37.40:386][  0]LogConfig: Setting CVar [[r.RefractionQuality:2]]
[2020.07.31-21.37.40:386][  0]LogConfig: Setting CVar [[r.SSR.Quality:3]]
[2020.07.31-21.37.40:386][  0]LogConfig: Setting CVar [[r.SSR.HalfResSceneColor:0]]
[2020.07.31-21.37.40:386][  0]LogConfig: Setting CVar [[r.SceneColorFormat:4]]
[2020.07.31-21.37.40:386][  0]LogConfig: Setting CVar [[r.DetailMode:2]]
[2020.07.31-21.37.40:386][  0]LogConfig: Setting CVar [[r.TranslucencyVolumeBlur:1]]
[2020.07.31-21.37.40:386][  0]LogConfig: Setting CVar [[r.MaterialQualityLevel:1 ; High quality]]
[2020.07.31-21.37.40:386][  0]LogConfig: Setting CVar [[r.SSS.Scale:1]]
[2020.07.31-21.37.40:386][  0]LogConfig: Setting CVar [[r.SSS.SampleSet:2]]
[2020.07.31-21.37.40:386][  0]LogConfig: Setting CVar [[r.SSS.Quality:1]]
[2020.07.31-21.37.40:386][  0]LogConfig: Setting CVar [[r.SSS.HalfRes:0]]
[2020.07.31-21.37.40:386][  0]LogConfig: Setting CVar [[r.SSGI.Quality:3]]
[2020.07.31-21.37.40:386][  0]LogConfig: Setting CVar [[r.EmitterSpawnRateScale:1.0]]
[2020.07.31-21.37.40:386][  0]LogConfig: Setting CVar [[r.ParticleLightQuality:2]]
[2020.07.31-21.37.40:386][  0]LogConfig: Setting CVar [[r.SkyAtmosphere.AerialPerspectiveLUT.FastApplyOnOpaque:1 ; Always have FastSkyLUT 1 in this case to avoid wrong sky]]
[2020.07.31-21.37.40:386][  0]LogConfig: Setting CVar [[r.SkyAtmosphere.AerialPerspectiveLUT.SampleCountPerSlice:1]]
[2020.07.31-21.37.40:386][  0]LogConfig: Setting CVar [[r.SkyAtmosphere.AerialPerspectiveLUT.DepthResolution:16.0]]
[2020.07.31-21.37.40:386][  0]LogConfig: Setting CVar [[r.SkyAtmosphere.FastSkyLUT:1]]
[2020.07.31-21.37.40:386][  0]LogConfig: Setting CVar [[r.SkyAtmosphere.FastSkyLUT.SampleCountMin:4.0]]
[2020.07.31-21.37.40:386][  0]LogConfig: Setting CVar [[r.SkyAtmosphere.FastSkyLUT.SampleCountMax:32.0]]
[2020.07.31-21.37.40:386][  0]LogConfig: Setting CVar [[r.SkyAtmosphere.SampleCountMin:4.0]]
[2020.07.31-21.37.40:387][  0]LogConfig: Setting CVar [[r.SkyAtmosphere.SampleCountMax:32.0]]
[2020.07.31-21.37.40:387][  0]LogConfig: Setting CVar [[r.SkyAtmosphere.TransmittanceLUT.UseSmallFormat:0]]
[2020.07.31-21.37.40:387][  0]LogConfig: Setting CVar [[r.SkyAtmosphere.TransmittanceLUT.SampleCount:10.0]]
[2020.07.31-21.37.40:387][  0]LogConfig: Setting CVar [[r.SkyAtmosphere.MultiScatteringLUT.SampleCount:15.0]]
[2020.07.31-21.37.40:387][  0]LogConfig: Applying CVar settings from Section [FoliageQuality@3] File [C:/Users/Admin/Desktop/UnrealEngine/BuildingEscape/Saved/Config/Windows/Scalability.ini]
[2020.07.31-21.37.40:387][  0]LogConfig: Setting CVar [[foliage.DensityScale:1.0]]
[2020.07.31-21.37.40:387][  0]LogConfig: Setting CVar [[grass.DensityScale:1.0]]
[2020.07.31-21.37.40:387][  0]LogConfig: Applying CVar settings from Section [ShadingQuality@3] File [C:/Users/Admin/Desktop/UnrealEngine/BuildingEscape/Saved/Config/Windows/Scalability.ini]
[2020.07.31-21.37.40:387][  0]LogConfig: Setting CVar [[r.HairStrands.SkyLighting.SampleCount:16]]
[2020.07.31-21.37.40:387][  0]LogConfig: Setting CVar [[r.HairStrands.SkyLighting.JitterIntegration:0]]
[2020.07.31-21.37.40:387][  0]LogConfig: Setting CVar [[r.HairStrands.SkyAO.SampleCount:16]]
[2020.07.31-21.37.40:387][  0]LogConfig: Setting CVar [[r.HairStrands.DeepShadow.SuperSampling:0]]
[2020.07.31-21.37.40:387][  0]LogConfig: Setting CVar [[r.HairStrands.VisibilityPPLL:0]]
[2020.07.31-21.37.40:387][  0]LogConfig: Setting CVar [[r.HairStrands.RasterizationScale:0.5]]
[2020.07.31-21.37.40:387][  0]LogConfig: Setting CVar [[r.HairStrands.VelocityRasterizationScale:1]]
[2020.07.31-21.37.40:387][  0]LogInit: Selected Device Profile: [Windows]
[2020.07.31-21.37.40:387][  0]LogInit: Applying CVar settings loaded from the selected device profile: [Windows]
[2020.07.31-21.37.40:387][  0]LogHAL: Display: Platform has ~ 32 GB [34293911552 / 34359738368 / 32], which maps to Largest [LargestMinGB=32, LargerMinGB=12, DefaultMinGB=8, SmallerMinGB=6, SmallestMinGB=0)
[2020.07.31-21.37.40:387][  0]LogInit: Going up to parent DeviceProfile []
[2020.07.31-21.37.40:387][  0]LogConfig: Applying CVar settings from Section [ViewDistanceQuality@3] File [C:/Users/Admin/Desktop/UnrealEngine/BuildingEscape/Saved/Config/Windows/Scalability.ini]
[2020.07.31-21.37.40:387][  0]LogConfig: Setting CVar [[r.SkeletalMeshLODBias:0]]
[2020.07.31-21.37.40:387][  0]LogConfig: Setting CVar [[r.ViewDistanceScale:1.0]]
[2020.07.31-21.37.40:387][  0]LogConfig: Applying CVar settings from Section [AntiAliasingQuality@3] File [C:/Users/Admin/Desktop/UnrealEngine/BuildingEscape/Saved/Config/Windows/Scalability.ini]
[2020.07.31-21.37.40:387][  0]LogConfig: Setting CVar [[r.PostProcessAAQuality:4]]
[2020.07.31-21.37.40:387][  0]LogConfig: Applying CVar settings from Section [ShadowQuality@3] File [C:/Users/Admin/Desktop/UnrealEngine/BuildingEscape/Saved/Config/Windows/Scalability.ini]
[2020.07.31-21.37.40:387][  0]LogConfig: Setting CVar [[r.LightFunctionQuality:1]]
[2020.07.31-21.37.40:387][  0]LogConfig: Setting CVar [[r.ShadowQuality:5]]
[2020.07.31-21.37.40:387][  0]LogConfig: Setting CVar [[r.Shadow.CSM.MaxCascades:10]]
[2020.07.31-21.37.40:387][  0]LogConfig: Setting CVar [[r.Shadow.MaxResolution:2048]]
[2020.07.31-21.37.40:387][  0]LogConfig: Setting CVar [[r.Shadow.MaxCSMResolution:2048]]
[2020.07.31-21.37.40:387][  0]LogConfig: Setting CVar [[r.Shadow.RadiusThreshold:0.01]]
[2020.07.31-21.37.40:387][  0]LogConfig: Setting CVar [[r.Shadow.DistanceScale:1.0]]
[2020.07.31-21.37.40:387][  0]LogConfig: Setting CVar [[r.Shadow.CSM.TransitionScale:1.0]]
[2020.07.31-21.37.40:387][  0]LogConfig: Setting CVar [[r.Shadow.PreShadowResolutionFactor:1.0]]
[2020.07.31-21.37.40:387][  0]LogConfig: Setting CVar [[r.DistanceFieldShadowing:1]]
[2020.07.31-21.37.40:387][  0]LogConfig: Setting CVar [[r.DistanceFieldAO:1]]
[2020.07.31-21.37.40:387][  0]LogConfig: Setting CVar [[r.AOQuality:2]]
[2020.07.31-21.37.40:387][  0]LogConfig: Setting CVar [[r.VolumetricFog:1]]
[2020.07.31-21.37.40:387][  0]LogConfig: Setting CVar [[r.VolumetricFog.GridPixelSize:8]]
[2020.07.31-21.37.40:387][  0]LogConfig: Setting CVar [[r.VolumetricFog.GridSizeZ:128]]
[2020.07.31-21.37.40:387][  0]LogConfig: Setting CVar [[r.VolumetricFog.HistoryMissSupersampleCount:4]]
[2020.07.31-21.37.40:387][  0]LogConfig: Setting CVar [[r.LightMaxDrawDistanceScale:1]]
[2020.07.31-21.37.40:387][  0]LogConfig: Setting CVar [[r.CapsuleShadows:1]]
[2020.07.31-21.37.40:387][  0]LogConfig: Applying CVar settings from Section [PostProcessQuality@3] File [C:/Users/Admin/Desktop/UnrealEngine/BuildingEscape/Saved/Config/Windows/Scalability.ini]
[2020.07.31-21.37.40:387][  0]LogConfig: Setting CVar [[r.MotionBlurQuality:4]]
[2020.07.31-21.37.40:387][  0]LogConfig: Setting CVar [[r.AmbientOcclusionMipLevelFactor:0.4]]
[2020.07.31-21.37.40:387][  0]LogConfig: Setting CVar [[r.AmbientOcclusionMaxQuality:100]]
[2020.07.31-21.37.40:387][  0]LogConfig: Setting CVar [[r.AmbientOcclusionLevels:-1]]
[2020.07.31-21.37.40:387][  0]LogConfig: Setting CVar [[r.AmbientOcclusionRadiusScale:1.0]]
[2020.07.31-21.37.40:387][  0]LogConfig: Setting CVar [[r.DepthOfFieldQuality:2]]
[2020.07.31-21.37.40:387][  0]LogConfig: Setting CVar [[r.RenderTargetPoolMin:400]]
[2020.07.31-21.37.40:387][  0]LogConfig: Setting CVar [[r.LensFlareQuality:2]]
[2020.07.31-21.37.40:387][  0]LogConfig: Setting CVar [[r.SceneColorFringeQuality:1]]
[2020.07.31-21.37.40:387][  0]LogConfig: Setting CVar [[r.EyeAdaptationQuality:2]]
[2020.07.31-21.37.40:387][  0]LogConfig: Setting CVar [[r.BloomQuality:5]]
[2020.07.31-21.37.40:387][  0]LogConfig: Setting CVar [[r.FastBlurThreshold:100]]
[2020.07.31-21.37.40:387][  0]LogConfig: Setting CVar [[r.Upscale.Quality:3]]
[2020.07.31-21.37.40:387][  0]LogConfig: Setting CVar [[r.Tonemapper.GrainQuantization:1]]
[2020.07.31-21.37.40:387][  0]LogConfig: Setting CVar [[r.LightShaftQuality:1]]
[2020.07.31-21.37.40:387][  0]LogConfig: Setting CVar [[r.Filter.SizeScale:1]]
[2020.07.31-21.37.40:387][  0]LogConfig: Setting CVar [[r.Tonemapper.Quality:5]]
[2020.07.31-21.37.40:387][  0]LogConfig: Setting CVar [[r.DOF.Gather.AccumulatorQuality:1        ; higher gathering accumulator quality]]
[2020.07.31-21.37.40:387][  0]LogConfig: Setting CVar [[r.DOF.Gather.PostfilterMethod:1          ; Median3x3 postfilering method]]
[2020.07.31-21.37.40:387][  0]LogConfig: Setting CVar [[r.DOF.Gather.EnableBokehSettings:0       ; no bokeh simulation when gathering]]
[2020.07.31-21.37.40:387][  0]LogConfig: Setting CVar [[r.DOF.Gather.RingCount:4                 ; medium number of samples when gathering]]
[2020.07.31-21.37.40:387][  0]LogConfig: Setting CVar [[r.DOF.Scatter.ForegroundCompositing:1    ; additive foreground scattering]]
[2020.07.31-21.37.40:387][  0]LogConfig: Setting CVar [[r.DOF.Scatter.BackgroundCompositing:2    ; additive background scattering]]
[2020.07.31-21.37.40:387][  0]LogConfig: Setting CVar [[r.DOF.Scatter.EnableBokehSettings:1      ; bokeh simulation when scattering]]
[2020.07.31-21.37.40:387][  0]LogConfig: Setting CVar [[r.DOF.Scatter.MaxSpriteRatio:0.1         ; only a maximum of 10% of scattered bokeh]]
[2020.07.31-21.37.40:387][  0]LogConfig: Setting CVar [[r.DOF.Recombine.Quality:1                ; cheap slight out of focus]]
[2020.07.31-21.37.40:387][  0]LogConfig: Setting CVar [[r.DOF.Recombine.EnableBokehSettings:0    ; no bokeh simulation on slight out of focus]]
[2020.07.31-21.37.40:387][  0]LogConfig: Setting CVar [[r.DOF.TemporalAAQuality:1                ; more stable temporal accumulation]]
[2020.07.31-21.37.40:387][  0]LogConfig: Setting CVar [[r.DOF.Kernel.MaxForegroundRadius:0.025]]
[2020.07.31-21.37.40:387][  0]LogConfig: Setting CVar [[r.DOF.Kernel.MaxBackgroundRadius:0.025]]
[2020.07.31-21.37.40:387][  0]LogConfig: Applying CVar settings from Section [TextureQuality@3] File [C:/Users/Admin/Desktop/UnrealEngine/BuildingEscape/Saved/Config/Windows/Scalability.ini]
[2020.07.31-21.37.40:387][  0]LogConfig: Setting CVar [[r.Streaming.MipBias:0]]
[2020.07.31-21.37.40:387][  0]LogConfig: Setting CVar [[r.Streaming.AmortizeCPUToGPUCopy:0]]
[2020.07.31-21.37.40:387][  0]LogConfig: Setting CVar [[r.Streaming.MaxNumTexturesToStreamPerFrame:0]]
[2020.07.31-21.37.40:387][  0]LogConfig: Setting CVar [[r.Streaming.Boost:1]]
[2020.07.31-21.37.40:387][  0]LogConfig: Setting CVar [[r.MaxAnisotropy:8]]
[2020.07.31-21.37.40:387][  0]LogConfig: Setting CVar [[r.VT.MaxAnisotropy:8]]
[2020.07.31-21.37.40:387][  0]LogConfig: Setting CVar [[r.Streaming.LimitPoolSizeToVRAM:0]]
[2020.07.31-21.37.40:387][  0]LogConfig: Setting CVar [[r.Streaming.PoolSize:1000]]
[2020.07.31-21.37.40:387][  0]LogConfig: Setting CVar [[r.Streaming.MaxEffectiveScreenSize:0]]
[2020.07.31-21.37.40:387][  0]LogConfig: Applying CVar settings from Section [EffectsQuality@3] File [C:/Users/Admin/Desktop/UnrealEngine/BuildingEscape/Saved/Config/Windows/Scalability.ini]
[2020.07.31-21.37.40:388][  0]LogConfig: Setting CVar [[r.TranslucencyLightingVolumeDim:64]]
[2020.07.31-21.37.40:388][  0]LogConfig: Setting CVar [[r.RefractionQuality:2]]
[2020.07.31-21.37.40:388][  0]LogConfig: Setting CVar [[r.SSR.Quality:3]]
[2020.07.31-21.37.40:388][  0]LogConfig: Setting CVar [[r.SSR.HalfResSceneColor:0]]
[2020.07.31-21.37.40:388][  0]LogConfig: Setting CVar [[r.SceneColorFormat:4]]
[2020.07.31-21.37.40:388][  0]LogConfig: Setting CVar [[r.DetailMode:2]]
[2020.07.31-21.37.40:388][  0]LogConfig: Setting CVar [[r.TranslucencyVolumeBlur:1]]
[2020.07.31-21.37.40:388][  0]LogConfig: Setting CVar [[r.MaterialQualityLevel:1 ; High quality]]
[2020.07.31-21.37.40:388][  0]LogConfig: Setting CVar [[r.SSS.Scale:1]]
[2020.07.31-21.37.40:388][  0]LogConfig: Setting CVar [[r.SSS.SampleSet:2]]
[2020.07.31-21.37.40:388][  0]LogConfig: Setting CVar [[r.SSS.Quality:1]]
[2020.07.31-21.37.40:388][  0]LogConfig: Setting CVar [[r.SSS.HalfRes:0]]
[2020.07.31-21.37.40:388][  0]LogConfig: Setting CVar [[r.SSGI.Quality:3]]
[2020.07.31-21.37.40:388][  0]LogConfig: Setting CVar [[r.EmitterSpawnRateScale:1.0]]
[2020.07.31-21.37.40:388][  0]LogConfig: Setting CVar [[r.ParticleLightQuality:2]]
[2020.07.31-21.37.40:388][  0]LogConfig: Setting CVar [[r.SkyAtmosphere.AerialPerspectiveLUT.FastApplyOnOpaque:1 ; Always have FastSkyLUT 1 in this case to avoid wrong sky]]
[2020.07.31-21.37.40:388][  0]LogConfig: Setting CVar [[r.SkyAtmosphere.AerialPerspectiveLUT.SampleCountPerSlice:1]]
[2020.07.31-21.37.40:388][  0]LogConfig: Setting CVar [[r.SkyAtmosphere.AerialPerspectiveLUT.DepthResolution:16.0]]
[2020.07.31-21.37.40:388][  0]LogConfig: Setting CVar [[r.SkyAtmosphere.FastSkyLUT:1]]
[2020.07.31-21.37.40:388][  0]LogConfig: Setting CVar [[r.SkyAtmosphere.FastSkyLUT.SampleCountMin:4.0]]
[2020.07.31-21.37.40:388][  0]LogConfig: Setting CVar [[r.SkyAtmosphere.FastSkyLUT.SampleCountMax:32.0]]
[2020.07.31-21.37.40:388][  0]LogConfig: Setting CVar [[r.SkyAtmosphere.SampleCountMin:4.0]]
[2020.07.31-21.37.40:388][  0]LogConfig: Setting CVar [[r.SkyAtmosphere.SampleCountMax:32.0]]
[2020.07.31-21.37.40:388][  0]LogConfig: Setting CVar [[r.SkyAtmosphere.TransmittanceLUT.UseSmallFormat:0]]
[2020.07.31-21.37.40:388][  0]LogConfig: Setting CVar [[r.SkyAtmosphere.TransmittanceLUT.SampleCount:10.0]]
[2020.07.31-21.37.40:388][  0]LogConfig: Setting CVar [[r.SkyAtmosphere.MultiScatteringLUT.SampleCount:15.0]]
[2020.07.31-21.37.40:388][  0]LogConfig: Applying CVar settings from Section [FoliageQuality@3] File [C:/Users/Admin/Desktop/UnrealEngine/BuildingEscape/Saved/Config/Windows/Scalability.ini]
[2020.07.31-21.37.40:388][  0]LogConfig: Setting CVar [[foliage.DensityScale:1.0]]
[2020.07.31-21.37.40:388][  0]LogConfig: Setting CVar [[grass.DensityScale:1.0]]
[2020.07.31-21.37.40:388][  0]LogConfig: Applying CVar settings from Section [ShadingQuality@3] File [C:/Users/Admin/Desktop/UnrealEngine/BuildingEscape/Saved/Config/Windows/Scalability.ini]
[2020.07.31-21.37.40:388][  0]LogConfig: Setting CVar [[r.HairStrands.SkyLighting.SampleCount:16]]
[2020.07.31-21.37.40:388][  0]LogConfig: Setting CVar [[r.HairStrands.SkyLighting.JitterIntegration:0]]
[2020.07.31-21.37.40:388][  0]LogConfig: Setting CVar [[r.HairStrands.SkyAO.SampleCount:16]]
[2020.07.31-21.37.40:388][  0]LogConfig: Setting CVar [[r.HairStrands.DeepShadow.SuperSampling:0]]
[2020.07.31-21.37.40:388][  0]LogConfig: Setting CVar [[r.HairStrands.VisibilityPPLL:0]]
[2020.07.31-21.37.40:388][  0]LogConfig: Setting CVar [[r.HairStrands.RasterizationScale:0.5]]
[2020.07.31-21.37.40:388][  0]LogConfig: Setting CVar [[r.HairStrands.VelocityRasterizationScale:1]]
[2020.07.31-21.37.40:388][  0]LogConfig: Applying CVar settings from Section [Startup] File [../../../Engine/Config/ConsoleVariables.ini]
[2020.07.31-21.37.40:388][  0]LogConfig: Setting CVar [[net.UseAdaptiveNetUpdateFrequency:0]]
[2020.07.31-21.37.40:388][  0]LogConfig: Setting CVar [[p.chaos.AllowCreatePhysxBodies:1]]
[2020.07.31-21.37.40:388][  0]LogConfig: Setting CVar [[fx.SkipVectorVMBackendOptimizations:1]]
[2020.07.31-21.37.40:388][  0]LogConfig: Applying CVar settings from Section [ConsoleVariables] File [C:/Users/Admin/Desktop/UnrealEngine/BuildingEscape/Saved/Config/Windows/Engine.ini]
[2020.07.31-21.37.40:388][  0]LogInit: Computer: DANIEL
[2020.07.31-21.37.40:388][  0]LogInit: User: Admin
[2020.07.31-21.37.40:388][  0]LogInit: CPU Page size=4096, Cores=4
[2020.07.31-21.37.40:388][  0]LogInit: High frequency timer resolution =10.000000 MHz
[2020.07.31-21.37.40:388][  0]LogMemory: Memory total: Physical=31.9GB (32GB approx)
[2020.07.31-21.37.40:388][  0]LogMemory: Platform Memory Stats for Windows
[2020.07.31-21.37.40:388][  0]LogMemory: Process Physical Memory: 114.26 MB used, 114.27 MB peak
[2020.07.31-21.37.40:388][  0]LogMemory: Process Virtual Memory: 96.20 MB used, 96.20 MB peak
[2020.07.31-21.37.40:388][  0]LogMemory: Physical Memory: 11323.43 MB used,  21381.79 MB free, 32705.22 MB total
[2020.07.31-21.37.40:388][  0]LogMemory: Virtual Memory: 5143.11 MB used,  134212584.00 MB free, 134217728.00 MB total
[2020.07.31-21.37.40:393][  0]LogWindows: WindowsPlatformFeatures enabled
[2020.07.31-21.37.40:414][  0]LogInit: Physics initialised using underlying interface: PhysX
[2020.07.31-21.37.40:415][  0]LogInit: Using OS detected language (en-US).
[2020.07.31-21.37.40:415][  0]LogInit: Using OS detected locale (en-US).
[2020.07.31-21.37.40:416][  0]LogTextLocalizationManager: No specific localization for 'en-US' exists, so the 'en' localization will be used.
[2020.07.31-21.37.40:585][  0]LogInit: Setting process to per monitor DPI aware
[2020.07.31-21.37.40:617][  0]LogSlate: New Slate User Created.  User Index 0, Is Virtual User: 0
[2020.07.31-21.37.40:617][  0]LogSlate: Slate User Registered.  User Index 0, Is Virtual User: 0
[2020.07.31-21.37.50:924][  0]LogHMD: Failed to initialize OpenVR with code 310
[2020.07.31-21.37.50:925][  0]LogD3D11RHI: D3D11 min allowed feature level: 11_0
[2020.07.31-21.37.50:925][  0]LogD3D11RHI: D3D11 max allowed feature level: 11_0
[2020.07.31-21.37.50:925][  0]LogD3D11RHI: D3D11 adapters:
[2020.07.31-21.37.50:976][  0]LogD3D11RHI:    0. 'NVIDIA GeForce GTX 1080' (Feature Level 11_0)
[2020.07.31-21.37.50:976][  0]LogD3D11RHI:       8079/0/16352 MB DedicatedVideo/DedicatedSystem/SharedSystem, Outputs:1, VendorId:0x10de
[2020.07.31-21.37.50:978][  0]LogD3D11RHI:    1. 'Microsoft Basic Render Driver' (Feature Level 11_0)
[2020.07.31-21.37.50:978][  0]LogD3D11RHI:       0/0/16352 MB DedicatedVideo/DedicatedSystem/SharedSystem, Outputs:0, VendorId:0x1414
[2020.07.31-21.37.50:978][  0]LogD3D11RHI: Chosen D3D11 Adapter: 0
[2020.07.31-21.37.50:986][  0]LogD3D11RHI: Creating new Direct3DDevice
[2020.07.31-21.37.50:987][  0]LogD3D11RHI:     GPU DeviceId: 0x1b80 (for the marketing name, search the web for "GPU Device Id")
[2020.07.31-21.37.50:987][  0]LogWindows: EnumDisplayDevices:
[2020.07.31-21.37.50:987][  0]LogWindows:    0. 'NVIDIA GeForce GTX 1080' (P:1 D:1)
[2020.07.31-21.37.50:987][  0]LogWindows:    1. 'NVIDIA GeForce GTX 1080' (P:0 D:0)
[2020.07.31-21.37.50:987][  0]LogWindows:    2. 'NVIDIA GeForce GTX 1080' (P:0 D:0)
[2020.07.31-21.37.50:987][  0]LogWindows:    3. 'NVIDIA GeForce GTX 1080' (P:0 D:0)
[2020.07.31-21.37.50:987][  0]LogWindows: DebugString: FoundDriverCount:4 
[2020.07.31-21.37.50:987][  0]LogD3D11RHI:     Adapter Name: NVIDIA GeForce GTX 1080
[2020.07.31-21.37.50:987][  0]LogD3D11RHI:   Driver Version: 436.48 (internal:26.21.14.3648, unified:436.48)
[2020.07.31-21.37.50:987][  0]LogD3D11RHI:      Driver Date: 9-26-2019
[2020.07.31-21.37.50:988][  0]LogRHI: Texture pool is 5655 MB (70% of 8079 MB)
[2020.07.31-21.37.51:016][  0]LogD3D11RHI: RHI has support for 64 bit atomics
[2020.07.31-21.37.51:017][  0]LogD3D11RHI: [Aftermath] Enabled and primed
[2020.07.31-21.37.51:017][  0]LogD3D11RHI: Async texture creation enabled
[2020.07.31-21.37.51:017][  0]LogD3D11RHI: Array index from any shader is supported
[2020.07.31-21.37.51:081][  0]LogD3D11RHI: GPU Timing Frequency: 1000.000000 (Debug: 2 1)
[2020.07.31-21.37.51:338][  0]LogTargetPlatformManager: Display: Loaded TargetPlatform 'AllDesktop'
[2020.07.31-21.37.51:354][  0]LogTargetPlatformManager: Display: Loaded TargetPlatform 'Android'
[2020.07.31-21.37.51:354][  0]LogTargetPlatformManager: Display: Loaded TargetPlatform 'Android_ASTC'
[2020.07.31-21.37.51:354][  0]LogTargetPlatformManager: Display: Loaded TargetPlatform 'Android_DXT'
[2020.07.31-21.37.51:354][  0]LogTargetPlatformManager: Display: Loaded TargetPlatform 'Android_ETC2'
[2020.07.31-21.37.51:354][  0]LogTargetPlatformManager: Display: Loaded TargetPlatform 'AndroidClient'
[2020.07.31-21.37.51:355][  0]LogTargetPlatformManager: Display: Loaded TargetPlatform 'Android_ASTCClient'
[2020.07.31-21.37.51:355][  0]LogTargetPlatformManager: Display: Loaded TargetPlatform 'Android_DXTClient'
[2020.07.31-21.37.51:355][  0]LogTargetPlatformManager: Display: Loaded TargetPlatform 'Android_ETC2Client'
[2020.07.31-21.37.51:355][  0]LogTargetPlatformManager: Display: Loaded TargetPlatform 'Android_Multi'
[2020.07.31-21.37.51:355][  0]LogTargetPlatformManager: Display: Loaded TargetPlatform 'Android_MultiClient'
[2020.07.31-21.37.51:370][  0]LogTargetPlatformManager: Display: Loaded TargetPlatform 'IOSClient'
[2020.07.31-21.37.51:370][  0]LogTargetPlatformManager: Display: Loaded TargetPlatform 'IOS'
[2020.07.31-21.37.51:377][  0]LogTargetPlatformManager: Display: Loaded TargetPlatform 'Linux'
[2020.07.31-21.37.51:384][  0]LogTargetPlatformManager: Display: Loaded TargetPlatform 'LinuxNoEditor'
[2020.07.31-21.37.51:390][  0]LogTargetPlatformManager: Display: Loaded TargetPlatform 'LinuxClient'
[2020.07.31-21.37.51:397][  0]LogTargetPlatformManager: Display: Loaded TargetPlatform 'LinuxServer'
[2020.07.31-21.37.51:404][  0]LogTargetPlatformManager: Display: Loaded TargetPlatform 'LinuxAArch64NoEditor'
[2020.07.31-21.37.51:410][  0]LogTargetPlatformManager: Display: Loaded TargetPlatform 'LinuxAArch64Client'
[2020.07.31-21.37.51:417][  0]LogTargetPlatformManager: Display: Loaded TargetPlatform 'LinuxAArch64Server'
[2020.07.31-21.37.51:435][  0]LogTargetPlatformManager: Display: Loaded TargetPlatform 'Lumin'
[2020.07.31-21.37.51:435][  0]LogTargetPlatformManager: Display: Loaded TargetPlatform 'LuminClient'
[2020.07.31-21.37.51:446][  0]LogTargetPlatformManager: Display: Loaded TargetPlatform 'TVOSClient'
[2020.07.31-21.37.51:446][  0]LogTargetPlatformManager: Display: Loaded TargetPlatform 'TVOS'
[2020.07.31-21.37.51:453][  0]LogTargetPlatformManager: Display: Loaded TargetPlatform 'WindowsNoEditor'
[2020.07.31-21.37.51:460][  0]LogTargetPlatformManager: Display: Loaded TargetPlatform 'Windows'
[2020.07.31-21.37.51:467][  0]LogTargetPlatformManager: Display: Loaded TargetPlatform 'WindowsClient'
[2020.07.31-21.37.51:478][  0]LogTargetPlatformManager: Display: Loaded TargetPlatform 'WindowsServer'
[2020.07.31-21.37.51:478][  0]LogTargetPlatformManager: Display: Building Assets For Windows
[2020.07.31-21.37.51:486][  0]LogAudioDebug: Display: Lib vorbis DLL was dynamically loaded.
[2020.07.31-21.37.51:536][  0]LogShaderCompilers: Guid format shader working directory is -5 characters bigger than the processId version (C:/Users/Admin/Desktop/UnrealEngine/BuildingEscape/Intermediate/Shaders/WorkingDirectory/28248/).
[2020.07.31-21.37.51:536][  0]LogShaderCompilers: Cleaned the shader compiler working directory 'C:/Users/Admin/AppData/Local/Temp/UnrealShaderWorkingDir/68491F664F58034F304C8CA161F8777C/'.
[2020.07.31-21.37.51:537][  0]LogXGEController: Cannot use XGE Controller as Incredibuild is not installed on this machine.
[2020.07.31-21.37.51:537][  0]LogShaderCompilers: Cannot use XGE Shader Compiler as Incredibuild is not installed on this machine.
[2020.07.31-21.37.51:537][  0]LogShaderCompilers: Display: Using Local Shader Compiler.
[2020.07.31-21.37.52:155][  0]LogDerivedDataCache: Display: Max Cache Size: 512 MB
[2020.07.31-21.37.52:208][  0]LogDerivedDataCache: Loaded boot cache 0.05s 75MB C:/Users/Admin/AppData/Local/UnrealEngine/4.25/DerivedDataCache/Boot.ddc.
[2020.07.31-21.37.52:208][  0]LogDerivedDataCache: Display: Loaded Boot cache: C:/Users/Admin/AppData/Local/UnrealEngine/4.25/DerivedDataCache/Boot.ddc
[2020.07.31-21.37.52:208][  0]LogDerivedDataCache: FDerivedDataBackendGraph:  Pak pak cache file C:/Users/Admin/Desktop/UnrealEngine/BuildingEscape/DerivedDataCache/DDC.ddp not found, will not use a pak cache.
[2020.07.31-21.37.52:208][  0]LogDerivedDataCache: Unable to find inner node Pak for hierarchical cache Hierarchy.
[2020.07.31-21.37.52:208][  0]LogDerivedDataCache: FDerivedDataBackendGraph:  CompressedPak pak cache file C:/Users/Admin/Desktop/UnrealEngine/BuildingEscape/DerivedDataCache/Compressed.ddp not found, will not use a pak cache.
[2020.07.31-21.37.52:208][  0]LogDerivedDataCache: Unable to find inner node CompressedPak for hierarchical cache Hierarchy.
[2020.07.31-21.37.52:216][  0]LogDerivedDataCache: Display: Pak cache opened for reading ../../../Engine/DerivedDataCache/Compressed.ddp.
[2020.07.31-21.37.52:216][  0]LogDerivedDataCache: FDerivedDataBackendGraph:  EnterprisePak pak cache file ../../../Enterprise/DerivedDataCache/Compressed.ddp not found, will not use a pak cache.
[2020.07.31-21.37.52:216][  0]LogDerivedDataCache: Unable to find inner node EnterprisePak for hierarchical cache Hierarchy.
[2020.07.31-21.37.52:217][  0]LogDerivedDataCache: Using Local data cache path C:/Users/Admin/AppData/Local/UnrealEngine/Common/DerivedDataCache: Writable
[2020.07.31-21.37.52:217][  0]LogDerivedDataCache: Shared data cache path not found in *engine.ini, will not use an Shared cache.
[2020.07.31-21.37.52:217][  0]LogDerivedDataCache: Unable to find inner node Shared for hierarchical cache Hierarchy.
[2020.07.31-21.37.52:257][  0]LogSlate: Using FreeType 2.10.0
[2020.07.31-21.37.52:257][  0]LogSlate: SlateFontServices - WITH_FREETYPE: 1, WITH_HARFBUZZ: 1
[2020.07.31-21.37.52:275][  0]LogAssetRegistry: FAssetRegistry took 0.0019 seconds to start up
[2020.07.31-21.37.52:463][  0]LogInit: Selected Device Profile: [Windows]
[2020.07.31-21.37.52:547][  0]LogMeshReduction: Using QuadricMeshReduction for automatic static mesh reduction
[2020.07.31-21.37.52:547][  0]LogMeshReduction: Using SimplygonMeshReduction for automatic skeletal mesh reduction
[2020.07.31-21.37.52:547][  0]LogMeshReduction: Using ProxyLODMeshReduction for automatic mesh merging
[2020.07.31-21.37.52:547][  0]LogMeshReduction: No distributed automatic mesh merging module available
[2020.07.31-21.37.52:547][  0]LogMeshMerging: No distributed automatic mesh merging module available
[2020.07.31-21.37.52:557][  0]LogNetVersion: BuildingEscape 1.0.0, NetCL: 13144385, EngineNetVer: 14, GameNetVer: 0 (Checksum: 64348278)
[2020.07.31-21.37.52:859][  0]LogAISub: UAISubsystem::UAISubsystem AISubsystem (000001F7F0B68380), frame # 0
[2020.07.31-21.37.52:859][  0]LogAISub: UAISubsystem::UAISubsystem AIPerceptionSystem (000001F7F0A93C40), frame # 0
[2020.07.31-21.37.52:860][  0]LogAISub: UAISubsystem::UAISubsystem EnvQueryManager (000001F7F0AF1E00), frame # 0
[2020.07.31-21.37.52:891][  0]LogPackageLocalizationCache: Processed 19 localized package path(s) for 1 prioritized culture(s) in 0.027037 seconds
[2020.07.31-21.37.52:895][  0]LogUObjectArray: 15917 objects as part of root set at end of initial load.
[2020.07.31-21.37.52:895][  0]LogUObjectAllocator: 3965568 out of 0 bytes used by permanent object pool.
[2020.07.31-21.37.52:895][  0]LogUObjectArray: CloseDisregardForGC: 0/0 objects in disregard for GC pool
[2020.07.31-21.37.53:111][  0]LogTcpMessaging: Initializing TcpMessaging bridge
[2020.07.31-21.37.53:114][  0]LogUdpMessaging: Initializing bridge on interface 0.0.0.0:0 to multicast group 230.0.0.1:6666.
[2020.07.31-21.37.53:166][  0]SourceControl: Source control is disabled
[2020.07.31-21.37.53:166][  0]SourceControl: Source control is disabled
[2020.07.31-21.37.53:168][  0]SourceControl: Source control is disabled
[2020.07.31-21.37.53:170][  0]SourceControl: Source control is disabled
[2020.07.31-21.37.53:175][  0]SourceControl: Source control is disabled
[2020.07.31-21.37.53:333][  0]LogAndroidPermission: UAndroidPermissionCallbackProxy::GetInstance
[2020.07.31-21.37.53:346][  0]LogAudioCaptureCore: Display: No Audio Capture implementations found. Audio input will be silent.
[2020.07.31-21.37.53:346][  0]LogAudioCaptureCore: Display: No Audio Capture implementations found. Audio input will be silent.
[2020.07.31-21.37.53:379][  0]LogOcInput: OculusInput pre-init called
[2020.07.31-21.37.53:386][  0]LogWindows: Failed to load 'OVRPlugin.dll' (GetLastError=126)
[2020.07.31-21.37.53:386][  0]LogWindows: File 'OVRPlugin.dll' does not exist
[2020.07.31-21.37.53:429][  0]LogEngine: Initializing Engine...
[2020.07.31-21.38.03:641][  0]LogHMD: Failed to initialize OpenVR with code 310
[2020.07.31-21.38.03:641][  0]LogMagicLeap: Warning: VR disabled because ZI is not enabled.  To enable, in the editor, Edit -> Project Settings -> Plugins -> Magic Leap Plugin -> Enable Zero Iteration
[2020.07.31-21.38.03:643][  0]LogStats: UGameplayTagsManager::InitializeManager -  0.000 s
[2020.07.31-21.38.03:736][  0]LogInit: Initializing FReadOnlyCVARCache
[2020.07.31-21.38.03:742][  0]LogAIModule: Creating AISystem for world Untitled
[2020.07.31-21.38.03:742][  0]LogAISub: UAISubsystem::UAISubsystem EnvQueryManager (000001F7F480C600), frame # 0
[2020.07.31-21.38.03:742][  0]LogAISub: UAISubsystem::UAISubsystem AIPerceptionSystem (000001F7F4831440), frame # 0
[2020.07.31-21.38.03:760][  0]LogAudioMixer: Display: Audio Mixer Platform Settings:
[2020.07.31-21.38.03:760][  0]LogAudioMixer: Display: 	Sample Rate:						  48000
[2020.07.31-21.38.03:760][  0]LogAudioMixer: Display: 	Callback Buffer Frame Size Requested: 1024
[2020.07.31-21.38.03:760][  0]LogAudioMixer: Display: 	Callback Buffer Frame Size To Use:	  1024
[2020.07.31-21.38.03:760][  0]LogAudioMixer: Display: 	Number of buffers to queue:			  2
[2020.07.31-21.38.03:760][  0]LogAudioMixer: Display: 	Max Channels (voices):				  32
[2020.07.31-21.38.03:760][  0]LogAudioMixer: Display: 	Number of Async Source Workers:		  0
[2020.07.31-21.38.03:760][  0]LogAudio: Display: AudioDevice MaxSources: 32
[2020.07.31-21.38.03:760][  0]LogAudio: Display: Using built-in audio occlusion.
[2020.07.31-21.38.03:760][  0]LogAudioMixer: Display: Initializing audio mixer.
[2020.07.31-21.38.03:771][  0]LogAudioMixer: Display: 0: FrontLeft
[2020.07.31-21.38.03:771][  0]LogAudioMixer: Display: 1: FrontRight
[2020.07.31-21.38.03:808][  0]LogAudioMixer: Display: Using Audio Device Headphones (Xbox Controller)
[2020.07.31-21.38.03:811][  0]LogAudioMixer: Display: Initializing Sound Submixes...
[2020.07.31-21.38.03:813][  0]LogAudioMixer: Display: Creating Master Submix 'MasterSubmixDefault'
[2020.07.31-21.38.03:813][  0]LogAudioMixer: Display: Creating Master Submix 'MasterReverbSubmixDefault'
[2020.07.31-21.38.03:814][  0]LogAudioMixer: Display: Creating Master Submix 'MasterEQSubmixDefault'
[2020.07.31-21.38.03:815][  0]LogInit: FAudioDevice initialized.
[2020.07.31-21.38.03:815][  0]LogNetVersion: Set ProjectVersion to 1.0.0.0. Version Checksum will be recalculated on next use.
[2020.07.31-21.38.03:885][  0]LogDerivedDataCache: Saved boot cache 0.07s 75MB C:/Users/Admin/AppData/Local/UnrealEngine/4.25/DerivedDataCache/Boot.ddc.
[2020.07.31-21.38.03:887][  0]LogInit: Texture streaming: Enabled
[2020.07.31-21.38.03:898][  0]LogEngineSessionManager: EngineSessionManager initialized
[2020.07.31-21.38.03:898][  0]LogEditorSessionSummary: Verbose: Initializing EditorSessionSummaryWriter for editor session tracking
[2020.07.31-21.38.03:900][  0]LogEditorSessionSummary: EditorSessionSummaryWriter initialized
[2020.07.31-21.38.03:934][  0]LogInit: Transaction tracking system initialized
[2020.07.31-21.38.03:953][  0]BlueprintLog: New page: Editor Load
[2020.07.31-21.38.03:999][  0]LocalizationService: Localization service is disabled
[2020.07.31-21.38.04:099][  0]LogCook: Display: Max memory allowance for cook 16384mb min free memory 0mb
[2020.07.31-21.38.04:099][  0]LogCook: Display: Mobile HDR setting 1
[2020.07.31-21.38.04:185][  0]LogFileCache: Scanning file cache for directory 'C:/Users/Admin/Desktop/UnrealEngine/BuildingEscape/Content/' took 0.00s
[2020.07.31-21.38.04:340][  0]SourceControl: Source control is disabled
[2020.07.31-21.38.04:340][  0]LogUnrealEdMisc: Loading editor; pre map load, took 25.020
[2020.07.31-21.38.04:340][  0]Cmd: MAP LOAD FILE="../../../Engine/Content/Maps/Templates/Template_Default.umap" TEMPLATE=1 SHOWPROGRESS=1 FEATURELEVEL=3
[2020.07.31-21.38.04:340][  0]LightingResults: New page: Lighting Build
[2020.07.31-21.38.04:340][  0]LogWorld: UWorld::CleanupWorld for Untitled, bSessionEnded=true, bCleanupResources=true
[2020.07.31-21.38.04:340][  0]LogSlate: InvalidateAllWidgets triggered.  All widgets were invalidated
[2020.07.31-21.38.04:341][  0]MapCheck: New page: Map Check
[2020.07.31-21.38.04:341][  0]LightingResults: New page: Lighting Build
[2020.07.31-21.38.04:348][  0]LogAISub: UAISubsystem::~UAISubsystem EnvQueryManager (000001F7F480C600), frame # 0
[2020.07.31-21.38.04:348][  0]LogAISub: UAISubsystem::~UAISubsystem AIPerceptionSystem (000001F7F4831440), frame # 0
[2020.07.31-21.38.04:348][  0]LogUObjectHash: Compacting FUObjectHashTables data took   0.51ms
[2020.07.31-21.38.04:397][  0]LogAIModule: Creating AISystem for world Untitled_1
[2020.07.31-21.38.04:397][  0]LogAISub: UAISubsystem::UAISubsystem EnvQueryManager (000001F7E74AFE00), frame # 0
[2020.07.31-21.38.04:397][  0]LogAISub: UAISubsystem::UAISubsystem AIPerceptionSystem (000001F7E7589300), frame # 0
[2020.07.31-21.38.04:400][  0]LogEditorServer: Finished looking for orphan Actors (0.000 secs)
[2020.07.31-21.38.04:408][  0]LogUObjectHash: Compacting FUObjectHashTables data took   0.59ms
[2020.07.31-21.38.04:408][  0]Cmd: MAP CHECKDEP NOCLEARLOG
[2020.07.31-21.38.04:408][  0]MapCheck: Map check complete: 0 Error(s), 0 Warning(s), took 0.205ms to complete.
[2020.07.31-21.38.04:408][  0]LogFileHelpers: Loading map 'Template_Default' took 0.068
[2020.07.31-21.38.04:410][  0]LogUnrealEdMisc: Total Editor Startup Time, took 25.090
[2020.07.31-21.38.04:528][  0]LogSlate: Updating window title bar state: overlay mode, drag disabled, window buttons hidden, title bar hidden
[2020.07.31-21.38.04:534][  0]LogSlate: Updating window title bar state: overlay mode, drag disabled, window buttons hidden, title bar hidden
[2020.07.31-21.38.04:540][  0]LogSlate: Updating window title bar state: overlay mode, drag disabled, window buttons hidden, title bar hidden
[2020.07.31-21.38.04:546][  0]LogSlate: Updating window title bar state: overlay mode, drag disabled, window buttons hidden, title bar hidden
[2020.07.31-21.38.04:551][  0]LogCollectionManager: Loaded 0 collections in 0.001427 seconds
[2020.07.31-21.38.04:561][  0]LogFileCache: Scanning file cache for directory 'C:/Users/Admin/Desktop/UnrealEngine/BuildingEscape/Saved/Collections/' took 0.00s
[2020.07.31-21.38.04:561][  0]LogFileCache: Scanning file cache for directory 'C:/Users/Admin/Desktop/UnrealEngine/BuildingEscape/Content/Developers/Admin/Collections/' took 0.00s
[2020.07.31-21.38.04:561][  0]LogFileCache: Scanning file cache for directory 'C:/Users/Admin/Desktop/UnrealEngine/BuildingEscape/Content/Collections/' took 0.00s
[2020.07.31-21.38.04:561][  0]LogContentBrowser: Native class hierarchy populated in 0.0074 seconds. Added 3428 classes and 823 folders.
[2020.07.31-21.38.04:563][  0]LogContentBrowser: Native class hierarchy updated for 'WidgetCarousel' in 0.0003 seconds. Added 0 classes and 0 folders.
[2020.07.31-21.38.04:596][  0]LogContentBrowser: Native class hierarchy updated for 'AddContentDialog' in 0.0004 seconds. Added 0 classes and 0 folders.
[2020.07.31-21.38.04:597][  0]LogContentBrowser: Native class hierarchy updated for 'SceneOutliner' in 0.0004 seconds. Added 2 classes and 0 folders.
[2020.07.31-21.38.04:626][  0]LogSlate: Took 0.000113 seconds to synchronously load lazily loaded font '../../../Engine/Content/Slate/Fonts/Roboto-Regular.ttf' (155K)
[2020.07.31-21.38.05:107][  0]LogSlate: Took 0.000131 seconds to synchronously load lazily loaded font '../../../Engine/Content/Slate/Fonts/Roboto-Bold.ttf' (160K)
[2020.07.31-21.38.05:110][  0]LogSlate: Took 0.000106 seconds to synchronously load lazily loaded font '../../../Engine/Content/Editor/Slate/Fonts/FontAwesome.ttf' (139K)
[2020.07.31-21.38.05:160][  0]LogRenderer: Reallocating scene render targets to support 1208x572 Format 10 NumSamples 1 (Frame:1).
[2020.07.31-21.38.05:286][  0]LogSlate: Window 'Tutorials' being destroyed
[2020.07.31-21.38.05:295][  0]LogContentBrowser: Native class hierarchy updated for 'HierarchicalLODOutliner' in 0.0003 seconds. Added 0 classes and 0 folders.
[2020.07.31-21.38.05:295][  0]LogLoad: (Engine Initialization) Total time: 25.97 seconds
[2020.07.31-21.38.05:295][  0]LogLoad: (Engine Initialization) Total Blueprint compile time: 0.00 seconds
[2020.07.31-21.38.05:327][  0]LogAssetRegistry: Asset discovery search completed in 13.0524 seconds
[2020.07.31-21.38.05:330][  0]LogCollectionManager: Fixed up redirectors for 0 collections in 0.000002 seconds (updated 0 objects)
[2020.07.31-21.38.05:331][  0]LogContentStreaming: Texture pool size now 1000 MB
[2020.07.31-21.38.07:179][202]LogSlate: Window 'Editor Preferences' being destroyed
[2020.07.31-21.38.07:181][202]LogSlate: Window 'Editor Preferences' being destroyed
[2020.07.31-21.38.13:195][752]LogTemp: Repeating last play command: Selected Viewport
[2020.07.31-21.38.13:235][752]LogPlayLevel: PlayLevel: No blueprints needed recompiling
[2020.07.31-21.38.13:264][752]PIE: New page: PIE session: Untitled_1 (Aug 1, 2020, 11:38:13 AM)
[2020.07.31-21.38.13:281][752]LogOnline: OSS: Creating online subsystem instance for: NULL
[2020.07.31-21.38.13:289][752]LogOnline: OSS: TryLoadSubsystemAndSetDefault: Loaded subsystem for module [NULL]
[2020.07.31-21.38.13:289][752]LogPlayLevel: Creating play world package: /Temp/UEDPIE_0_Untitled_1
[2020.07.31-21.38.13:310][752]LogPlayLevel: PIE: StaticDuplicateObject took: (0.020795s)
[2020.07.31-21.38.13:311][752]LogAIModule: Creating AISystem for world Untitled_1
[2020.07.31-21.38.13:311][752]LogAISub: UAISubsystem::UAISubsystem EnvQueryManager (000001F796C20400), frame # 752
[2020.07.31-21.38.13:311][752]LogAISub: UAISubsystem::UAISubsystem AIPerceptionSystem (000001F7EDBF6700), frame # 752
[2020.07.31-21.38.13:311][752]LogPlayLevel: PIE: World Init took: (0.000871s)
[2020.07.31-21.38.13:311][752]LogPlayLevel: PIE: Created PIE world by copying editor world from /Temp/Untitled_1.Untitled_1 to /Temp/UEDPIE_0_Untitled_1.Untitled_1 (0.021784s)
[2020.07.31-21.38.13:318][752]LogUObjectHash: Compacting FUObjectHashTables data took   0.45ms
[2020.07.31-21.38.13:325][752]LogAudioMixer: Display: Audio Mixer Platform Settings:
[2020.07.31-21.38.13:325][752]LogAudioMixer: Display: 	Sample Rate:						  48000
[2020.07.31-21.38.13:325][752]LogAudioMixer: Display: 	Callback Buffer Frame Size Requested: 1024
[2020.07.31-21.38.13:325][752]LogAudioMixer: Display: 	Callback Buffer Frame Size To Use:	  1024
[2020.07.31-21.38.13:325][752]LogAudioMixer: Display: 	Number of buffers to queue:			  2
[2020.07.31-21.38.13:325][752]LogAudioMixer: Display: 	Max Channels (voices):				  32
[2020.07.31-21.38.13:325][752]LogAudioMixer: Display: 	Number of Async Source Workers:		  0
[2020.07.31-21.38.13:325][752]LogAudio: Display: AudioDevice MaxSources: 32
[2020.07.31-21.38.13:325][752]LogAudio: Display: Using built-in audio occlusion.
[2020.07.31-21.38.13:325][752]LogAudioMixer: Display: Initializing audio mixer.
[2020.07.31-21.38.13:328][752]LogAudioMixer: Display: 0: FrontLeft
[2020.07.31-21.38.13:328][752]LogAudioMixer: Display: 1: FrontRight
[2020.07.31-21.38.13:340][752]LogAudioMixer: Display: Using Audio Device Headphones (Xbox Controller)
[2020.07.31-21.38.13:341][752]LogAudioMixer: Display: Initializing Sound Submixes...
[2020.07.31-21.38.13:341][752]LogAudioMixer: Display: Creating Master Submix 'MasterSubmixDefault'
[2020.07.31-21.38.13:341][752]LogAudioMixer: Display: Creating Master Submix 'MasterReverbSubmixDefault'
[2020.07.31-21.38.13:341][752]LogAudioMixer: Display: Creating Master Submix 'MasterEQSubmixDefault'
[2020.07.31-21.38.13:350][752]LogInit: FAudioDevice initialized.
[2020.07.31-21.38.13:358][752]LogLoad: Game class is 'GameModeBase'
[2020.07.31-21.38.13:418][752]LogWorld: Bringing World /Temp/UEDPIE_0_Untitled_1.Untitled_1 up for play (max tick rate 0) at 2020.08.01-04.38.13
[2020.07.31-21.38.13:419][752]LogWorld: Bringing up level for play took: 0.000479
[2020.07.31-21.38.13:419][752]LogOnline: OSS: Creating online subsystem instance for: :Context_1
[2020.07.31-21.38.13:449][752]LogContentBrowser: Native class hierarchy updated for 'MovieSceneCapture' in 0.0004 seconds. Added 20 classes and 0 folders.
[2020.07.31-21.38.13:503][752]PIE: Server logged in
[2020.07.31-21.38.13:505][752]PIE: Play in editor total start time 0.27 seconds.
[2020.07.31-21.38.24:314][ 32]LogSlate: Updating window title bar state: overlay mode, drag disabled, window buttons hidden, title bar hidden
[2020.07.31-21.38.24:314][ 32]LogWorld: BeginTearingDown for /Temp/UEDPIE_0_Untitled_1
[2020.07.31-21.38.24:315][ 32]LogWorld: UWorld::CleanupWorld for Untitled_1, bSessionEnded=true, bCleanupResources=true
[2020.07.31-21.38.24:315][ 32]LogSlate: InvalidateAllWidgets triggered.  All widgets were invalidated
[2020.07.31-21.38.24:323][ 32]LogPlayLevel: Display: Shutting down PIE online subsystems
[2020.07.31-21.38.24:324][ 32]LogSlate: InvalidateAllWidgets triggered.  All widgets were invalidated
[2020.07.31-21.38.24:342][ 32]LogSlate: Updating window title bar state: overlay mode, drag disabled, window buttons hidden, title bar hidden
[2020.07.31-21.38.24:342][ 32]LogAISub: UAISubsystem::~UAISubsystem EnvQueryManager (000001F796C20400), frame # 2032
[2020.07.31-21.38.24:342][ 32]LogAISub: UAISubsystem::~UAISubsystem AIPerceptionSystem (000001F7EDBF6700), frame # 2032
[2020.07.31-21.38.24:343][ 32]LogUObjectHash: Compacting FUObjectHashTables data took   0.46ms
[2020.07.31-21.38.24:383][ 35]LogPlayLevel: Display: Destroying online subsystem :Context_1
[2020.07.31-21.39.06:206][515]LogSlate: Took 0.000112 seconds to synchronously load lazily loaded font '../../../Engine/Content/Slate/Fonts/Roboto-Light.ttf' (167K)
[2020.07.31-21.39.06:230][515]Running D:/Epic Games/Epic Games/UE_4.25/Engine/Binaries/DotNET/UnrealBuildTool.exe  -projectfiles -project="C:/Users/Admin/Desktop/UnrealEngine/BuildingEscape/BuildingEscape.uproject" -game -rocket -progress
[2020.07.31-21.39.06:539][515]Discovering modules, targets and source code for project...
[2020.07.31-21.39.07:444][515]Binding IntelliSense data...
[2020.07.31-21.39.08:860][515]Binding IntelliSense data... 100%
[2020.07.31-21.39.08:860][515]Writing project files...
[2020.07.31-21.39.08:962][515]Writing project files... 100%
[2020.07.31-21.40.16:084][569]Candidate modules for hot reload:
[2020.07.31-21.40.16:084][569]  BuildingEscape
[2020.07.31-21.40.16:084][569]Launching UnrealBuildTool... [D:/Epic Games/Epic Games/UE_4.25/Engine/Binaries/DotNET/UnrealBuildTool.exe  -ModuleWithSuffix=BuildingEscape,3050 BuildingEscapeEditor Win64 Development -Project="C:/Users/Admin/Desktop/UnrealEngine/BuildingEscape/BuildingEscape.uproject" "C:/Users/Admin/Desktop/UnrealEngine/BuildingEscape/BuildingEscape.uproject"  -IgnoreJunk]
[2020.07.31-21.40.16:091][569]Warning: Starting HotReload took  0.1s.
[2020.07.31-21.40.19:132][733]CompilerResultsLog: New page: Compilation - Aug 1, 2020, 11:40:19 AM
[2020.07.31-21.40.19:132][733]CompilerResultsLog: Using 'git status' to determine working set for adaptive non-unity build (C:\Users\Admin\Desktop\UnrealEngine).
[2020.07.31-21.40.19:132][733]CompilerResultsLog: Creating makefile for BuildingEscapeEditor (no existing makefile)
[2020.07.31-21.40.19:132][733]CompilerResultsLog: Building BuildingEscapeEditor...
[2020.07.31-21.40.19:133][733]CompilerResultsLog: Using Visual Studio 2019 14.26.28806 toolchain (C:\Program Files (x86)\Microsoft Visual Studio\2019\Community\VC\Tools\MSVC\14.26.28801) and Windows 10.0.18362.0 SDK (C:\Program Files (x86)\Windows Kits\10).
[2020.07.31-21.40.19:133][733]CompilerResultsLog: Building 3 actions with 8 processes...
[2020.07.31-21.40.19:133][733]CompilerResultsLog:   [1/3] UE4Editor-BuildingEscape-3050.lib
[2020.07.31-21.40.19:133][733]CompilerResultsLog:      Creating library C:\Users\Admin\Desktop\UnrealEngine\BuildingEscape\Intermediate\Build\Win64\UE4Editor\Development\BuildingEscape\UE4Editor-BuildingEscape-3050.lib and object C:\Users\Admin\Desktop\UnrealEngine\BuildingEscape\Intermediate\Build\Win64\UE4Editor\Development\BuildingEscape\UE4Editor-BuildingEscape-3050.exp
[2020.07.31-21.40.19:133][733]CompilerResultsLog:   [2/3] UE4Editor-BuildingEscape-3050.dll
[2020.07.31-21.40.19:133][733]CompilerResultsLog:      Creating library C:\Users\Admin\Desktop\UnrealEngine\BuildingEscape\Intermediate\Build\Win64\UE4Editor\Development\BuildingEscape\UE4Editor-BuildingEscape-3050.suppressed.lib and object C:\Users\Admin\Desktop\UnrealEngine\BuildingEscape\Intermediate\Build\Win64\UE4Editor\Development\BuildingEscape\UE4Editor-BuildingEscape-3050.suppressed.exp
[2020.07.31-21.40.19:133][733]CompilerResultsLog:   [3/3] BuildingEscapeEditor.target
[2020.07.31-21.40.19:133][733]CompilerResultsLog: Total time in Parallel executor: 0.85 seconds
[2020.07.31-21.40.19:133][733]CompilerResultsLog: Total execution time: 2.82 seconds
[2020.07.31-21.40.19:133][733]LogMainFrame: MainFrame: Module compiling took 3.116 seconds
[2020.07.31-21.40.19:146][733]LogContentBrowser: Native class hierarchy updated for 'BuildingEscape' in 0.0003 seconds. Added 1 classes and 2 folders.
[2020.07.31-21.40.19:147][733]Display: HotReload successful (0 functions remapped  0 scriptstructs remapped)
[2020.07.31-21.40.19:305][733]LogContentBrowser: Native class hierarchy populated in 0.0073 seconds. Added 3428 classes and 823 folders.
[2020.07.31-21.40.19:305][733]Display: HotReload took  3.3s.
[2020.07.31-21.42.44:176][778]LogEditorViewport: Clicking on Actor (LMB): BP_Sky_Sphere_C (Sky Sphere)
[2020.07.31-21.48.43:953][498]LogSlate: Window 'Class Viewer' being destroyed
[2020.07.31-21.48.43:957][498]LogSlate: Window 'Class Viewer' being destroyed
[2020.07.31-21.49.11:319][199]Cmd: DELETE
[2020.07.31-21.49.11:319][199]Cmd: ACTOR DELETE
[2020.07.31-21.49.11:380][199]LogEditorActor: Deleted Actor: Actor
[2020.07.31-21.49.11:389][199]LogUObjectHash: Compacting FUObjectHashTables data took   0.57ms
[2020.07.31-21.49.11:390][199]LogEditorActor: Deleted 1 Actors (0.049 secs)
[2020.07.31-21.49.17:084][847]Cmd: DELETE
[2020.07.31-21.49.17:084][847]Cmd: ACTOR DELETE
[2020.07.31-21.49.17:085][847]LogEditorActor: Deleted Actor: TriggerSphere
[2020.07.31-21.49.17:091][847]LogUObjectHash: Compacting FUObjectHashTables data took   0.44ms
[2020.07.31-21.49.17:093][847]LogEditorActor: Deleted 1 Actors (0.009 secs)
[2020.07.31-21.49.18:235][974]LogActorFactory: Actor Factory created Sphere
[2020.07.31-21.49.19:084][ 59]LogActorFactory: Actor Factory created Sphere
[2020.07.31-21.49.29:801][ 93]Cmd: TRANSACTION UNDO
[2020.07.31-21.49.29:801][ 93]LogEditorTransaction: Undo Move Actors
[2020.07.31-21.49.31:112][200]Cmd: TRANSACTION UNDO
[2020.07.31-21.49.31:112][200]LogEditorTransaction: Undo Create Actors
[2020.07.31-21.49.32:307][339]Cmd: TRANSACTION REDO
[2020.07.31-21.49.32:307][339]LogEditorTransaction: Redo Create Actors
[2020.07.31-21.49.59:387][165]LogSlate: WidgetSwitcher ('None') active index changed to -1
[2020.07.31-21.49.59:388][165]LogSlate: WidgetSwitcher ('None') active index changed to 0
[2020.07.31-21.49.59:598][165]LogSlate: Took 0.000159 seconds to synchronously load lazily loaded font '../../../Engine/Content/Slate/Fonts/Roboto-BoldCondensed.ttf' (158K)
[2020.07.31-21.50.11:961][165]LogSlate: WidgetSwitcher ('None') active index changed to 1
[2020.07.31-21.50.35:428][165]Candidate modules for hot reload:
[2020.07.31-21.50.35:428][165]  BuildingEscape
[2020.07.31-21.50.35:428][165]Launching UnrealBuildTool... [D:/Epic Games/Epic Games/UE_4.25/Engine/Binaries/DotNET/UnrealBuildTool.exe  -ModuleWithSuffix=BuildingEscape,6273 BuildingEscapeEditor Win64 Development -Project="C:/Users/Admin/Desktop/UnrealEngine/BuildingEscape/BuildingEscape.uproject" "C:/Users/Admin/Desktop/UnrealEngine/BuildingEscape/BuildingEscape.uproject"  -IgnoreJunk]
[2020.07.31-21.50.44:032][165]CompilerResultsLog: New page: Compilation - Aug 1, 2020, 11:50:44 AM
[2020.07.31-21.50.44:032][165]CompilerResultsLog: Using 'git status' to determine working set for adaptive non-unity build (C:\Users\Admin\Desktop\UnrealEngine).
[2020.07.31-21.50.44:032][165]CompilerResultsLog: Creating makefile for BuildingEscapeEditor (.uproject file is newer)
[2020.07.31-21.50.44:032][165]CompilerResultsLog: Parsing headers for BuildingEscapeEditor
[2020.07.31-21.50.44:032][165]CompilerResultsLog:   Running UnrealHeaderTool "C:\Users\Admin\Desktop\UnrealEngine\BuildingEscape\BuildingEscape.uproject" "C:\Users\Admin\Desktop\UnrealEngine\BuildingEscape\Intermediate\Build\Win64\BuildingEscapeEditor\Development\BuildingEscapeEditor.uhtmanifest" -LogCmds="loginit warning, logexit warning, logdatabase error" -Unattended -WarningsAsErrors -abslog="C:\Users\Admin\AppData\Local\UnrealBuildTool\Log_UHT.txt" -installed
[2020.07.31-21.50.44:032][165]CompilerResultsLog: Reflection code generated for BuildingEscapeEditor in 4.8799595 seconds
[2020.07.31-21.50.44:032][165]CompilerResultsLog: Building BuildingEscapeEditor...
[2020.07.31-21.50.44:032][165]CompilerResultsLog: Using Visual Studio 2019 14.26.28806 toolchain (C:\Program Files (x86)\Microsoft Visual Studio\2019\Community\VC\Tools\MSVC\14.26.28801) and Windows 10.0.18362.0 SDK (C:\Program Files (x86)\Windows Kits\10).
[2020.07.31-21.50.44:032][165]CompilerResultsLog: Building 9 actions with 8 processes...
[2020.07.31-21.50.44:032][165]CompilerResultsLog:   [1/9] BuildingEscapeGameModeBase.cpp
[2020.07.31-21.50.44:032][165]CompilerResultsLog:   [2/9] WorldPosition.cpp
[2020.07.31-21.50.44:032][165]CompilerResultsLog:   [3/9] BuildingEscape.cpp
[2020.07.31-21.50.44:032][165]CompilerResultsLog:   [4/9] BuildingEscape.init.gen.cpp
[2020.07.31-21.50.44:032][165]CompilerResultsLog:   [5/9] WorldPosition.gen.cpp
[2020.07.31-21.50.44:032][165]CompilerResultsLog:   [6/9] BuildingEscapeGameModeBase.gen.cpp
[2020.07.31-21.50.44:032][165]CompilerResultsLog:   [7/9] UE4Editor-BuildingEscape-6273.lib
[2020.07.31-21.50.44:032][165]CompilerResultsLog:      Creating library C:\Users\Admin\Desktop\UnrealEngine\BuildingEscape\Intermediate\Build\Win64\UE4Editor\Development\BuildingEscape\UE4Editor-BuildingEscape-6273.lib and object C:\Users\Admin\Desktop\UnrealEngine\BuildingEscape\Intermediate\Build\Win64\UE4Editor\Development\BuildingEscape\UE4Editor-BuildingEscape-6273.exp
[2020.07.31-21.50.44:032][165]CompilerResultsLog:   [8/9] UE4Editor-BuildingEscape-6273.dll
[2020.07.31-21.50.44:032][165]CompilerResultsLog:      Creating library C:\Users\Admin\Desktop\UnrealEngine\BuildingEscape\Intermediate\Build\Win64\UE4Editor\Development\BuildingEscape\UE4Editor-BuildingEscape-6273.suppressed.lib and object C:\Users\Admin\Desktop\UnrealEngine\BuildingEscape\Intermediate\Build\Win64\UE4Editor\Development\BuildingEscape\UE4Editor-BuildingEscape-6273.suppressed.exp
[2020.07.31-21.50.44:032][165]CompilerResultsLog:   [9/9] BuildingEscapeEditor.target
[2020.07.31-21.50.44:032][165]CompilerResultsLog: Total time in Parallel executor: 1.85 seconds
[2020.07.31-21.50.44:033][165]CompilerResultsLog: Total execution time: 8.52 seconds
[2020.07.31-21.50.44:033][165]LogMainFrame: MainFrame: Module compiling took 8.608 seconds
[2020.07.31-21.50.44:047][165]LogClass: Could not find existing class WorldPosition in package /Script/BuildingEscape for HotReload, assuming new class
[2020.07.31-21.50.44:049][165]LogContentBrowser: Native class hierarchy updated for 'BuildingEscape' in 0.0005 seconds. Added 2 classes and 2 folders.
[2020.07.31-21.50.44:051][165]Display: HotReload successful (0 functions remapped  0 scriptstructs remapped)
[2020.07.31-21.50.44:091][165]LogContentBrowser: Native class hierarchy populated in 0.0110 seconds. Added 3429 classes and 823 folders.
[2020.07.31-21.50.44:091][165]Display: HotReload took  8.7s.
[2020.07.31-21.50.44:091][165]Warning: HotReload operation took  8.7s.
[2020.07.31-21.50.44:152][165]LogSlate: Window 'Add C++ Component' being destroyed
[2020.07.31-21.50.44:182][165]LogHotReload: New module detected: UE4Editor-BuildingEscape-6273.dll
[2020.07.31-21.50.44:224][165]LogSlate: Took 0.000092 seconds to synchronously load lazily loaded font '../../../Engine/Content/Slate/Fonts/Roboto-Light.ttf' (167K)
[2020.07.31-21.50.44:270][166]LogHotReload: Starting Hot-Reload from IDE
[2020.07.31-21.50.44:394][166]LogContentBrowser: Native class hierarchy updated for 'BuildingEscape' in 0.0006 seconds. Added 2 classes and 2 folders.
[2020.07.31-21.50.44:396][166]Display: HotReload successful (0 functions remapped  0 scriptstructs remapped)
[2020.07.31-21.50.44:414][166]LogContentBrowser: Native class hierarchy populated in 0.0104 seconds. Added 3429 classes and 823 folders.
[2020.07.31-21.50.44:418][166]Display: HotReload took  0.1s.
[2020.07.31-21.51.59:589][985]LogSlate: Window 'Project Settings' being destroyed
[2020.07.31-21.51.59:593][985]LogSlate: Window 'Project Settings' being destroyed
[2020.07.31-21.52.11:137][618]LogSlate: Window 'Project Settings' being destroyed
[2020.07.31-21.52.11:140][618]LogSlate: Window 'Project Settings' being destroyed
[2020.07.31-21.54.39:622][595]LogActorFactory: Actor Factory created Cube
[2020.07.31-21.54.40:485][698]LogActorFactory: Actor Factory created Cube
[2020.07.31-21.54.44:630][185]LogSlate: Took 0.000128 seconds to synchronously load lazily loaded font '../../../Engine/Content/Slate/Fonts/Roboto-Italic.ttf' (157K)
[2020.07.31-21.54.48:241][593]LogSlate: WidgetSwitcher ('None') active index changed to -1
[2020.07.31-21.54.48:241][593]LogSlate: WidgetSwitcher ('None') active index changed to 0
[2020.07.31-21.54.50:597][593]LogSlate: WidgetSwitcher ('None') active index changed to 1
[2020.07.31-21.55.05:922][593]LogSlate: Window 'Add C++ Component' being destroyed
[2020.07.31-21.55.05:926][593]LogUObjectGlobals: Warning: Failed to find object 'Class None.'
[2020.07.31-21.58.27:964][285]LogSlate: Window 'Save Level As' being destroyed
[2020.07.31-21.58.27:982][285]Cmd: OBJ SAVEPACKAGE PACKAGE="/Game/BuildingEscape" FILE="C:/Users/Admin/Desktop/UnrealEngine/BuildingEscape/Content/BuildingEscape.umap" SILENT=true AUTOSAVING=false KEEPDIRTY=false
[2020.07.31-21.58.28:004][285]LogUObjectHash: Compacting FUObjectHashTables data took   0.55ms
[2020.07.31-21.58.28:062][285]LogSavePackage: Moving 'C:/Users/Admin/Desktop/UnrealEngine/BuildingEscape/Saved/BuildingEscape97A6B5CB411709647AC3C4981BAF6442.tmp' to 'C:/Users/Admin/Desktop/UnrealEngine/BuildingEscape/Content/BuildingEscape.umap'
[2020.07.31-21.58.28:179][285]Cmd: OBJ SAVEPACKAGE PACKAGE="/Game/BuildingEscape_BuiltData" FILE="C:/Users/Admin/Desktop/UnrealEngine/BuildingEscape/Content/BuildingEscape_BuiltData.uasset" SILENT=true
[2020.07.31-21.58.28:211][285]LogSavePackage: Moving 'C:/Users/Admin/Desktop/UnrealEngine/BuildingEscape/Saved/BuildingEscape_BuiltDataF09E1D16408A1B533CE0D9AC52DB5E4C.tmp' to 'C:/Users/Admin/Desktop/UnrealEngine/BuildingEscape/Content/BuildingEscape_BuiltData.uasset'
[2020.07.31-21.58.28:215][285]LogFileHelpers: Saving map 'BuildingEscape' took 0.246
[2020.07.31-21.58.28:220][285]AssetCheck: New page: Asset Save: multiple assets
[2020.07.31-21.58.28:220][285]LogContentValidation: Display: Validating World /Game/BuildingEscape.BuildingEscape
[2020.07.31-21.58.28:220][285]LogContentValidation: Display: Validating MapBuildDataRegistry /Game/BuildingEscape_BuiltData.BuildingEscape_BuiltData
[2020.07.31-21.58.29:614][443]LogAssetEditorSubsystem: Opening Asset editor for World /Game/BuildingEscape.BuildingEscape
[2020.07.31-21.58.29:639][443]LogUObjectHash: Compacting FUObjectHashTables data took   0.55ms
[2020.07.31-21.58.29:641][443]Cmd: MAP LOAD FILE="C:/Users/Admin/Desktop/UnrealEngine/BuildingEscape/Content/BuildingEscape.umap" TEMPLATE=0 SHOWPROGRESS=1 FEATURELEVEL=3
[2020.07.31-21.58.29:641][443]LightingResults: New page: Lighting Build
[2020.07.31-21.58.29:641][443]LoadErrors: New page: Loading map: BuildingEscape.umap
[2020.07.31-21.58.29:682][443]LogWorld: UWorld::CleanupWorld for BuildingEscape, bSessionEnded=true, bCleanupResources=true
[2020.07.31-21.58.29:682][443]LogSlate: InvalidateAllWidgets triggered.  All widgets were invalidated
[2020.07.31-21.58.29:682][443]MapCheck: New page: Map Check
[2020.07.31-21.58.29:682][443]LightingResults: New page: Lighting Build
[2020.07.31-21.58.29:689][443]LogAISub: UAISubsystem::~UAISubsystem EnvQueryManager (000001F7E74AFE00), frame # 24443
[2020.07.31-21.58.29:689][443]LogAISub: UAISubsystem::~UAISubsystem AIPerceptionSystem (000001F7E7589300), frame # 24443
[2020.07.31-21.58.29:690][443]LogUObjectHash: Compacting FUObjectHashTables data took   0.54ms
[2020.07.31-21.58.29:696][443]LogAIModule: Creating AISystem for world BuildingEscape
[2020.07.31-21.58.29:697][443]LogAISub: UAISubsystem::UAISubsystem EnvQueryManager (000001F7F480E000), frame # 24443
[2020.07.31-21.58.29:697][443]LogAISub: UAISubsystem::UAISubsystem AIPerceptionSystem (000001F790E2F240), frame # 24443
[2020.07.31-21.58.29:698][443]LogEditorServer: Finished looking for orphan Actors (0.000 secs)
[2020.07.31-21.58.29:706][443]LogUObjectHash: Compacting FUObjectHashTables data took   0.60ms
[2020.07.31-21.58.29:712][443]Cmd: MAP CHECKDEP NOCLEARLOG
[2020.07.31-21.58.29:712][443]MapCheck: Map check complete: 0 Error(s), 0 Warning(s), took 0.086ms to complete.
[2020.07.31-21.58.29:712][443]LogFileHelpers: Loading map 'BuildingEscape' took 0.071
[2020.07.31-21.58.37:645][744]Running D:/Epic Games/Epic Games/UE_4.25/Engine/Binaries/DotNET/UnrealBuildTool.exe  -projectfiles -project="C:/Users/Admin/Desktop/UnrealEngine/BuildingEscape/BuildingEscape.uproject" -game -rocket -progress
[2020.07.31-21.58.37:954][744]Discovering modules, targets and source code for project...
[2020.07.31-21.58.38:961][744]Binding IntelliSense data...
[2020.07.31-21.58.40:576][744]Binding IntelliSense data... 100%
[2020.07.31-21.58.40:576][744]Writing project files...
[2020.07.31-21.58.40:576][744]Writing project files... 100%
